Added Component: Designator=C1(CAP0402)
Add component (AddParameter): Name = "Manufacturer"; Value = ""; VariantName = "[No Variations]"
Add component (AddParameter): Name = "Manufacturer PN"; Value = ""; VariantName = "[No Variations]"
Add component (AddParameter): Name = "Package"; Value = "0402"; VariantName = "[No Variations]"
Add component (AddParameter): Name = "Specification"; Value = "12p/10V"; VariantName = "[No Variations]"
Added Component: Designator=C02(0805)
Add component (AddParameter): Name = "LatestRevisionDate"; Value = "17-Jul-2002"; VariantName = "[No Variations]"
Add component (AddParameter): Name = "LatestRevisionNote"; Value = "Re-released for DXP Platform."; VariantName = "[No Variations]"
Add component (AddParameter): Name = "PackageDescription"; Value = "Radial Cap, Thru-Hole; 2 Leads; 0.3 in Pin Spacing"; VariantName = "[No Variations]"
Add component (AddParameter): Name = "PackageReference"; Value = "RAD-0.3"; VariantName = "[No Variations]"
Add component (AddParameter): Name = "Published"; Value = "8-Jun-2000"; VariantName = "[No Variations]"
Add component (AddParameter): Name = "Publisher"; Value = "Altium Limited"; VariantName = "[No Variations]"
Add component (AddParameter): Name = "Value"; Value = "22uF"; VariantName = "[No Variations]"
Added Component: Designator=C2(CAP0402)
Add component (AddParameter): Name = "Manufacturer"; Value = ""; VariantName = "[No Variations]"
Add component (AddParameter): Name = "Manufacturer PN"; Value = ""; VariantName = "[No Variations]"
Add component (AddParameter): Name = "Package"; Value = "0402"; VariantName = "[No Variations]"
Add component (AddParameter): Name = "Specification"; Value = "12p/10V"; VariantName = "[No Variations]"
Added Component: Designator=C03(0805)
Add component (AddParameter): Name = "LatestRevisionDate"; Value = "17-Jul-2002"; VariantName = "[No Variations]"
Add component (AddParameter): Name = "LatestRevisionNote"; Value = "Re-released for DXP Platform."; VariantName = "[No Variations]"
Add component (AddParameter): Name = "PackageDescription"; Value = "Radial Cap, Thru-Hole; 2 Leads; 0.3 in Pin Spacing"; VariantName = "[No Variations]"
Add component (AddParameter): Name = "PackageReference"; Value = "RAD-0.3"; VariantName = "[No Variations]"
Add component (AddParameter): Name = "Published"; Value = "8-Jun-2000"; VariantName = "[No Variations]"
Add component (AddParameter): Name = "Publisher"; Value = "Altium Limited"; VariantName = "[No Variations]"
Add component (AddParameter): Name = "Value"; Value = "22uF"; VariantName = "[No Variations]"
Added Component: Designator=C3(CAP0402)
Add component (AddParameter): Name = "Manufacturer"; Value = ""; VariantName = "[No Variations]"
Add component (AddParameter): Name = "Manufacturer PN"; Value = ""; VariantName = "[No Variations]"
Add component (AddParameter): Name = "Package"; Value = "0402"; VariantName = "[No Variations]"
Add component (AddParameter): Name = "Specification"; Value = "18p/10V"; VariantName = "[No Variations]"
Added Component: Designator=C04(0402)
Add component (AddParameter): Name = "LatestRevisionDate"; Value = "17-Jul-2002"; VariantName = "[No Variations]"
Add component (AddParameter): Name = "LatestRevisionNote"; Value = "Re-released for DXP Platform."; VariantName = "[No Variations]"
Add component (AddParameter): Name = "PackageDescription"; Value = "Radial Cap, Thru-Hole; 2 Leads; 0.3 in Pin Spacing"; VariantName = "[No Variations]"
Add component (AddParameter): Name = "PackageReference"; Value = "RAD-0.3"; VariantName = "[No Variations]"
Add component (AddParameter): Name = "Published"; Value = "8-Jun-2000"; VariantName = "[No Variations]"
Add component (AddParameter): Name = "Publisher"; Value = "Altium Limited"; VariantName = "[No Variations]"
Add component (AddParameter): Name = "Value"; Value = "100nF"; VariantName = "[No Variations]"
Added Component: Designator=C4(CAP0402)
Add component (AddParameter): Name = "Manufacturer"; Value = ""; VariantName = "[No Variations]"
Add component (AddParameter): Name = "Manufacturer PN"; Value = ""; VariantName = "[No Variations]"
Add component (AddParameter): Name = "Package"; Value = "0402"; VariantName = "[No Variations]"
Add component (AddParameter): Name = "Specification"; Value = "18p/10V"; VariantName = "[No Variations]"
Added Component: Designator=C05(0402)
Add component (AddParameter): Name = "LatestRevisionDate"; Value = "17-Jul-2002"; VariantName = "[No Variations]"
Add component (AddParameter): Name = "LatestRevisionNote"; Value = "Re-released for DXP Platform."; VariantName = "[No Variations]"
Add component (AddParameter): Name = "PackageDescription"; Value = "Radial Cap, Thru-Hole; 2 Leads; 0.3 in Pin Spacing"; VariantName = "[No Variations]"
Add component (AddParameter): Name = "PackageReference"; Value = "RAD-0.3"; VariantName = "[No Variations]"
Add component (AddParameter): Name = "Published"; Value = "8-Jun-2000"; VariantName = "[No Variations]"
Add component (AddParameter): Name = "Publisher"; Value = "Altium Limited"; VariantName = "[No Variations]"
Add component (AddParameter): Name = "Value"; Value = "100nF"; VariantName = "[No Variations]"
Added Component: Designator=C5(CAP0603)
Add component (AddParameter): Name = "Manufacturer"; Value = ""; VariantName = "[No Variations]"
Add component (AddParameter): Name = "Manufacturer PN"; Value = ""; VariantName = "[No Variations]"
Add component (AddParameter): Name = "Package"; Value = "0603"; VariantName = "[No Variations]"
Add component (AddParameter): Name = "Specification"; Value = "10/10V"; VariantName = "[No Variations]"
Added Component: Designator=C06(0805)
Add component (AddParameter): Name = "LatestRevisionDate"; Value = "17-Jul-2002"; VariantName = "[No Variations]"
Add component (AddParameter): Name = "LatestRevisionNote"; Value = "Re-released for DXP Platform."; VariantName = "[No Variations]"
Add component (AddParameter): Name = "PackageDescription"; Value = "Radial Cap, Thru-Hole; 2 Leads; 0.3 in Pin Spacing"; VariantName = "[No Variations]"
Add component (AddParameter): Name = "PackageReference"; Value = "RAD-0.3"; VariantName = "[No Variations]"
Add component (AddParameter): Name = "Published"; Value = "8-Jun-2000"; VariantName = "[No Variations]"
Add component (AddParameter): Name = "Publisher"; Value = "Altium Limited"; VariantName = "[No Variations]"
Add component (AddParameter): Name = "Value"; Value = "22uF"; VariantName = "[No Variations]"
Added Component: Designator=C6(CAP0402)
Add component (AddParameter): Name = "Manufacturer"; Value = ""; VariantName = "[No Variations]"
Add component (AddParameter): Name = "Manufacturer PN"; Value = ""; VariantName = "[No Variations]"
Add component (AddParameter): Name = "Package"; Value = "0402"; VariantName = "[No Variations]"
Add component (AddParameter): Name = "Specification"; Value = "100n/10V"; VariantName = "[No Variations]"
Added Component: Designator=C07(0402)
Add component (AddParameter): Name = "LatestRevisionDate"; Value = "17-Jul-2002"; VariantName = "[No Variations]"
Add component (AddParameter): Name = "LatestRevisionNote"; Value = "Re-released for DXP Platform."; VariantName = "[No Variations]"
Add component (AddParameter): Name = "PackageDescription"; Value = "Radial Cap, Thru-Hole; 2 Leads; 0.3 in Pin Spacing"; VariantName = "[No Variations]"
Add component (AddParameter): Name = "PackageReference"; Value = "RAD-0.3"; VariantName = "[No Variations]"
Add component (AddParameter): Name = "Published"; Value = "8-Jun-2000"; VariantName = "[No Variations]"
Add component (AddParameter): Name = "Publisher"; Value = "Altium Limited"; VariantName = "[No Variations]"
Add component (AddParameter): Name = "Value"; Value = "100nF"; VariantName = "[No Variations]"
Added Component: Designator=C7(CAP0603)
Add component (AddParameter): Name = "Manufacturer"; Value = ""; VariantName = "[No Variations]"
Add component (AddParameter): Name = "Manufacturer PN"; Value = ""; VariantName = "[No Variations]"
Add component (AddParameter): Name = "Package"; Value = "0603"; VariantName = "[No Variations]"
Add component (AddParameter): Name = "Specification"; Value = "10/10V"; VariantName = "[No Variations]"
Added Component: Designator=C08(0402)
Add component (AddParameter): Name = "LatestRevisionDate"; Value = "17-Jul-2002"; VariantName = "[No Variations]"
Add component (AddParameter): Name = "LatestRevisionNote"; Value = "Re-released for DXP Platform."; VariantName = "[No Variations]"
Add component (AddParameter): Name = "PackageDescription"; Value = "Radial Cap, Thru-Hole; 2 Leads; 0.3 in Pin Spacing"; VariantName = "[No Variations]"
Add component (AddParameter): Name = "PackageReference"; Value = "RAD-0.3"; VariantName = "[No Variations]"
Add component (AddParameter): Name = "Published"; Value = "8-Jun-2000"; VariantName = "[No Variations]"
Add component (AddParameter): Name = "Publisher"; Value = "Altium Limited"; VariantName = "[No Variations]"
Add component (AddParameter): Name = "Value"; Value = "470nF"; VariantName = "[No Variations]"
Added Component: Designator=C8(CAP0402)
Add component (AddParameter): Name = "Manufacturer"; Value = ""; VariantName = "[No Variations]"
Add component (AddParameter): Name = "Manufacturer PN"; Value = ""; VariantName = "[No Variations]"
Add component (AddParameter): Name = "Package"; Value = "0402"; VariantName = "[No Variations]"
Add component (AddParameter): Name = "Specification"; Value = "100n/10V"; VariantName = "[No Variations]"
Added Component: Designator=C09(0402)
Add component (AddParameter): Name = "LatestRevisionDate"; Value = "17-Jul-2002"; VariantName = "[No Variations]"
Add component (AddParameter): Name = "LatestRevisionNote"; Value = "Re-released for DXP Platform."; VariantName = "[No Variations]"
Add component (AddParameter): Name = "PackageDescription"; Value = "Radial Cap, Thru-Hole; 2 Leads; 0.3 in Pin Spacing"; VariantName = "[No Variations]"
Add component (AddParameter): Name = "PackageReference"; Value = "RAD-0.3"; VariantName = "[No Variations]"
Add component (AddParameter): Name = "Published"; Value = "8-Jun-2000"; VariantName = "[No Variations]"
Add component (AddParameter): Name = "Publisher"; Value = "Altium Limited"; VariantName = "[No Variations]"
Add component (AddParameter): Name = "Value"; Value = "100nF"; VariantName = "[No Variations]"
Added Component: Designator=C9(CAP0402)
Add component (AddParameter): Name = "Manufacturer"; Value = ""; VariantName = "[No Variations]"
Add component (AddParameter): Name = "Manufacturer PN"; Value = ""; VariantName = "[No Variations]"
Add component (AddParameter): Name = "Package"; Value = "0402"; VariantName = "[No Variations]"
Add component (AddParameter): Name = "Specification"; Value = "100n/10V"; VariantName = "[No Variations]"
Added Component: Designator=C10(CAP0603)
Add component (AddParameter): Name = "Manufacturer"; Value = ""; VariantName = "[No Variations]"
Add component (AddParameter): Name = "Manufacturer PN"; Value = ""; VariantName = "[No Variations]"
Add component (AddParameter): Name = "Package"; Value = "0603"; VariantName = "[No Variations]"
Add component (AddParameter): Name = "Specification"; Value = "10/10V"; VariantName = "[No Variations]"
Added Component: Designator=C11(CAP0402)
Add component (AddParameter): Name = "Manufacturer"; Value = ""; VariantName = "[No Variations]"
Add component (AddParameter): Name = "Manufacturer PN"; Value = ""; VariantName = "[No Variations]"
Add component (AddParameter): Name = "Package"; Value = "0402"; VariantName = "[No Variations]"
Add component (AddParameter): Name = "Specification"; Value = "100n/10V"; VariantName = "[No Variations]"
Added Component: Designator=C12(CAP0603)
Add component (AddParameter): Name = "Manufacturer"; Value = ""; VariantName = "[No Variations]"
Add component (AddParameter): Name = "Manufacturer PN"; Value = ""; VariantName = "[No Variations]"
Add component (AddParameter): Name = "Package"; Value = "0603"; VariantName = "[No Variations]"
Add component (AddParameter): Name = "Specification"; Value = "10/10V"; VariantName = "[No Variations]"
Added Component: Designator=C13(CAP0603)
Add component (AddParameter): Name = "Manufacturer"; Value = ""; VariantName = "[No Variations]"
Add component (AddParameter): Name = "Manufacturer PN"; Value = ""; VariantName = "[No Variations]"
Add component (AddParameter): Name = "Package"; Value = "0603"; VariantName = "[No Variations]"
Add component (AddParameter): Name = "Specification"; Value = "10/10V"; VariantName = "[No Variations]"
Added Component: Designator=C14(CAP0603)
Add component (AddParameter): Name = "Manufacturer"; Value = ""; VariantName = "[No Variations]"
Add component (AddParameter): Name = "Manufacturer PN"; Value = ""; VariantName = "[No Variations]"
Add component (AddParameter): Name = "Package"; Value = "0603"; VariantName = "[No Variations]"
Add component (AddParameter): Name = "Specification"; Value = "1/10V"; VariantName = "[No Variations]"
Added Component: Designator=C15(CAP0402)
Add component (AddParameter): Name = "Manufacturer"; Value = ""; VariantName = "[No Variations]"
Add component (AddParameter): Name = "Manufacturer PN"; Value = ""; VariantName = "[No Variations]"
Add component (AddParameter): Name = "Package"; Value = "0402"; VariantName = "[No Variations]"
Add component (AddParameter): Name = "Specification"; Value = "100n/10V"; VariantName = "[No Variations]"
Added Component: Designator=C16(CAP0402)
Add component (AddParameter): Name = "Manufacturer"; Value = ""; VariantName = "[No Variations]"
Add component (AddParameter): Name = "Manufacturer PN"; Value = ""; VariantName = "[No Variations]"
Add component (AddParameter): Name = "Package"; Value = "0402"; VariantName = "[No Variations]"
Add component (AddParameter): Name = "Specification"; Value = "100n/10V"; VariantName = "[No Variations]"
Added Component: Designator=C17(CAP0402)
Add component (AddParameter): Name = "Manufacturer"; Value = ""; VariantName = "[No Variations]"
Add component (AddParameter): Name = "Manufacturer PN"; Value = ""; VariantName = "[No Variations]"
Add component (AddParameter): Name = "Package"; Value = "0402"; VariantName = "[No Variations]"
Add component (AddParameter): Name = "Specification"; Value = "100n/10V"; VariantName = "[No Variations]"
Added Component: Designator=C19(CAP0402)
Add component (AddParameter): Name = "Manufacturer"; Value = ""; VariantName = "[No Variations]"
Add component (AddParameter): Name = "Manufacturer PN"; Value = ""; VariantName = "[No Variations]"
Add component (AddParameter): Name = "Package"; Value = "0402"; VariantName = "[No Variations]"
Add component (AddParameter): Name = "Specification"; Value = "100n/10V"; VariantName = "[No Variations]"
Added Component: Designator=C20(CAP0402)
Add component (AddParameter): Name = "Manufacturer"; Value = ""; VariantName = "[No Variations]"
Add component (AddParameter): Name = "Manufacturer PN"; Value = ""; VariantName = "[No Variations]"
Add component (AddParameter): Name = "Package"; Value = "0402"; VariantName = "[No Variations]"
Add component (AddParameter): Name = "Specification"; Value = "100n/10V"; VariantName = "[No Variations]"
Added Component: Designator=C21(CAP0402)
Add component (AddParameter): Name = "Manufacturer"; Value = ""; VariantName = "[No Variations]"
Add component (AddParameter): Name = "Manufacturer PN"; Value = ""; VariantName = "[No Variations]"
Add component (AddParameter): Name = "Package"; Value = "0402"; VariantName = "[No Variations]"
Add component (AddParameter): Name = "Specification"; Value = "100n/10V"; VariantName = "[No Variations]"
Added Component: Designator=C22(CAP0402)
Add component (AddParameter): Name = "Manufacturer"; Value = ""; VariantName = "[No Variations]"
Add component (AddParameter): Name = "Manufacturer PN"; Value = ""; VariantName = "[No Variations]"
Add component (AddParameter): Name = "Package"; Value = "0402"; VariantName = "[No Variations]"
Add component (AddParameter): Name = "Specification"; Value = "100n/10V"; VariantName = "[No Variations]"
Added Component: Designator=C23(CAP0603)
Add component (AddParameter): Name = "Manufacturer"; Value = ""; VariantName = "[No Variations]"
Add component (AddParameter): Name = "Manufacturer PN"; Value = ""; VariantName = "[No Variations]"
Add component (AddParameter): Name = "Package"; Value = "0603"; VariantName = "[No Variations]"
Add component (AddParameter): Name = "Specification"; Value = "1/10V"; VariantName = "[No Variations]"
Added Component: Designator=D1(SOD123 SODFL360X130-2N)
Add component (AddParameter): Name = "Manufacturer"; Value = "NEXPERIA"; VariantName = "[No Variations]"
Add component (AddParameter): Name = "Manufacturer PN"; Value = "BAT54GW"; VariantName = "[No Variations]"
Add component (AddParameter): Name = "Package"; Value = "SOD123"; VariantName = "[No Variations]"
Add component (AddParameter): Name = "Specification"; Value = "BAT54GW"; VariantName = "[No Variations]"
Added Component: Designator=D02(SOD-923)
Add component (AddParameter): Name = "LatestRevisionDate"; Value = "08-Jul-2005"; VariantName = "[No Variations]"
Add component (AddParameter): Name = "LatestRevisionNote"; Value = "Mech Layer 1 removed."; VariantName = "[No Variations]"
Add component (AddParameter): Name = "PackageDescription"; Value = "LED; 2 Leads"; VariantName = "[No Variations]"
Add component (AddParameter): Name = "PackageReference"; Value = "LED-0"; VariantName = "[No Variations]"
Add component (AddParameter): Name = "Published"; Value = "8-Jun-2000"; VariantName = "[No Variations]"
Add component (AddParameter): Name = "Publisher"; Value = "Altium Limited"; VariantName = "[No Variations]"
Added Component: Designator=D2(KPTBD-3216SURKCGKC)
Add component (AddParameter): Name = "Manufacturer"; Value = "KINGBRIGHT"; VariantName = "[No Variations]"
Add component (AddParameter): Name = "Manufacturer PN"; Value = "KPTBD-3216SURKCGKC"; VariantName = "[No Variations]"
Add component (AddParameter): Name = "Package"; Value = "SMD"; VariantName = "[No Variations]"
Add component (AddParameter): Name = "Specification"; Value = "KPTBD-3216SURKCGKC"; VariantName = "[No Variations]"
Added Component: Designator=D3(SOD123 SODFL360X130-2N)
Add component (AddParameter): Name = "Manufacturer"; Value = "NEXPERIA"; VariantName = "[No Variations]"
Add component (AddParameter): Name = "Manufacturer PN"; Value = "BAT54GW"; VariantName = "[No Variations]"
Add component (AddParameter): Name = "Package"; Value = "SOD123"; VariantName = "[No Variations]"
Add component (AddParameter): Name = "Specification"; Value = "BAT54GW"; VariantName = "[No Variations]"
Added Component: Designator=D4(SOD123 SODFL360X130-2N)
Add component (AddParameter): Name = "Manufacturer"; Value = "NEXPERIA"; VariantName = "[No Variations]"
Add component (AddParameter): Name = "Manufacturer PN"; Value = "BAT54GW"; VariantName = "[No Variations]"
Add component (AddParameter): Name = "Package"; Value = "SOD123"; VariantName = "[No Variations]"
Add component (AddParameter): Name = "Specification"; Value = "BAT54GW"; VariantName = "[No Variations]"
Added Component: Designator=D5(SOD123 SODFL360X130-2N)
Add component (AddParameter): Name = "Manufacturer"; Value = "NEXPERIA"; VariantName = "[No Variations]"
Add component (AddParameter): Name = "Manufacturer PN"; Value = "BAT54GW"; VariantName = "[No Variations]"
Add component (AddParameter): Name = "Package"; Value = "SOD123"; VariantName = "[No Variations]"
Add component (AddParameter): Name = "Specification"; Value = "BAT54GW"; VariantName = "[No Variations]"
Added Component: Designator=FID1(FIDUCIAL_02_small)
Added Component: Designator=FID2(FIDUCIAL_02_small)
Added Component: Designator=FID3(FIDUCIAL_02_small)
Added Component: Designator=FID4(FIDUCIAL_02_small)
Added Component: Designator=FID5(FIDUCIAL_02_small)
Added Component: Designator=FID6(FIDUCIAL_02_small)
Added Component: Designator=L01(SRR7045-102M)
Add component (AddParameter): Name = "Value"; Value = "X"; VariantName = "[No Variations]"
Added Component: Designator=L1(CAP0603)
Add component (AddParameter): Name = "Manufacturer"; Value = "MURATA"; VariantName = "[No Variations]"
Add component (AddParameter): Name = "Manufacturer PN"; Value = "BLM18AG601SN1D"; VariantName = "[No Variations]"
Add component (AddParameter): Name = "Package"; Value = "0603"; VariantName = "[No Variations]"
Add component (AddParameter): Name = "Specification"; Value = "600R 0.5A"; VariantName = "[No Variations]"
Added Component: Designator=L02(SD53-4R7-R)
Add component (AddParameter): Name = "Value"; Value = "X"; VariantName = "[No Variations]"
Added Component: Designator=MH1(HOLE_PLATED_2300um)
Added Component: Designator=MH2(HOLE_PLATED_2300um)
Added Component: Designator=P3(1x5 Header 1.27)
Added Component: Designator=P3(Header 1x3 1.27)
Add component (AddParameter): Name = "Manufacturer"; Value = ""; VariantName = "[No Variations]"
Add component (AddParameter): Name = "Manufacturer PN"; Value = ""; VariantName = "[No Variations]"
Add component (AddParameter): Name = "Package"; Value = "Hole"; VariantName = "[No Variations]"
Add component (AddParameter): Name = "Specification"; Value = "1.27 pitch"; VariantName = "[No Variations]"
Added Component: Designator=P4(Header 1x6 1.27)
Add component (AddParameter): Name = "Manufacturer"; Value = ""; VariantName = "[No Variations]"
Add component (AddParameter): Name = "Manufacturer PN"; Value = ""; VariantName = "[No Variations]"
Add component (AddParameter): Name = "Package"; Value = "Hole"; VariantName = "[No Variations]"
Add component (AddParameter): Name = "Specification"; Value = "1.27 pitch"; VariantName = "[No Variations]"
Added Component: Designator=P5(2x1 blank pads_2)
Add component (AddParameter): Name = "Package"; Value = "SMD"; VariantName = "[No Variations]"
Add component (AddParameter): Name = "Specification"; Value = "SMD Pads"; VariantName = "[No Variations]"
Added Component: Designator=Q01(SOT-23)
Add component (AddParameter): Name = "LatestRevisionDate"; Value = "17-Jul-2002"; VariantName = "[No Variations]"
Add component (AddParameter): Name = "LatestRevisionNote"; Value = "Re-released for DXP Platform."; VariantName = "[No Variations]"
Add component (AddParameter): Name = "PackageDescription"; Value = "TO, Flat Index; 3 In-Line, Axial Leads; Body Dia. 4.6mm; Lead Dia. 0.5 mm (max)"; VariantName = "[No Variations]"
Add component (AddParameter): Name = "PackageReference"; Value = "E3"; VariantName = "[No Variations]"
Add component (AddParameter): Name = "PackageVersion"; Value = "1995/1996"; VariantName = "[No Variations]"
Add component (AddParameter): Name = "Published"; Value = "8-Jun-2000"; VariantName = "[No Variations]"
Add component (AddParameter): Name = "Publisher"; Value = "Altium Limited"; VariantName = "[No Variations]"
Added Component: Designator=Q1(SOT23-3)
Add component (AddParameter): Name = "Manufacturer"; Value = "ON"; VariantName = "[No Variations]"
Add component (AddParameter): Name = "Manufacturer PN"; Value = "FDN342P"; VariantName = "[No Variations]"
Add component (AddParameter): Name = "Package"; Value = "SOT-23"; VariantName = "[No Variations]"
Add component (AddParameter): Name = "Specification"; Value = "FDN342P"; VariantName = "[No Variations]"
Added Component: Designator=R01(0402)
Add component (AddParameter): Name = "LatestRevisionDate"; Value = "17-Jul-2002"; VariantName = "[No Variations]"
Add component (AddParameter): Name = "LatestRevisionNote"; Value = "Re-released for DXP Platform."; VariantName = "[No Variations]"
Add component (AddParameter): Name = "PackageDescription"; Value = "Axial Device, Thru-Hole; 2 Leads; 0.4 in Pin Spacing"; VariantName = "[No Variations]"
Add component (AddParameter): Name = "PackageReference"; Value = "AXIAL-0.4"; VariantName = "[No Variations]"
Add component (AddParameter): Name = "Published"; Value = "8-Jun-2000"; VariantName = "[No Variations]"
Add component (AddParameter): Name = "Publisher"; Value = "Altium Limited"; VariantName = "[No Variations]"
Add component (AddParameter): Name = "Value"; Value = "0"; VariantName = "[No Variations]"
Added Component: Designator=R1(RES0402)
Add component (AddParameter): Name = "Manufacturer"; Value = ""; VariantName = "[No Variations]"
Add component (AddParameter): Name = "Manufacturer PN"; Value = ""; VariantName = "[No Variations]"
Add component (AddParameter): Name = "Package"; Value = "0402"; VariantName = "[No Variations]"
Add component (AddParameter): Name = "Specification"; Value = "10k"; VariantName = "[No Variations]"
Added Component: Designator=R02(0402)
Add component (AddParameter): Name = "LatestRevisionDate"; Value = "17-Jul-2002"; VariantName = "[No Variations]"
Add component (AddParameter): Name = "LatestRevisionNote"; Value = "Re-released for DXP Platform."; VariantName = "[No Variations]"
Add component (AddParameter): Name = "PackageDescription"; Value = "Axial Device, Thru-Hole; 2 Leads; 0.4 in Pin Spacing"; VariantName = "[No Variations]"
Add component (AddParameter): Name = "PackageReference"; Value = "AXIAL-0.4"; VariantName = "[No Variations]"
Add component (AddParameter): Name = "Published"; Value = "8-Jun-2000"; VariantName = "[No Variations]"
Add component (AddParameter): Name = "Publisher"; Value = "Altium Limited"; VariantName = "[No Variations]"
Add component (AddParameter): Name = "Value"; Value = "51K"; VariantName = "[No Variations]"
Added Component: Designator=R2(RES0402)
Add component (AddParameter): Name = "Manufacturer"; Value = ""; VariantName = "[No Variations]"
Add component (AddParameter): Name = "Manufacturer PN"; Value = ""; VariantName = "[No Variations]"
Add component (AddParameter): Name = "Package"; Value = "0402"; VariantName = "[No Variations]"
Add component (AddParameter): Name = "Specification"; Value = "10k"; VariantName = "[No Variations]"
Added Component: Designator=R3(RES0402)
Add component (AddParameter): Name = "Manufacturer"; Value = ""; VariantName = "[No Variations]"
Add component (AddParameter): Name = "Manufacturer PN"; Value = ""; VariantName = "[No Variations]"
Add component (AddParameter): Name = "Package"; Value = "0402"; VariantName = "[No Variations]"
Add component (AddParameter): Name = "Specification"; Value = "0R"; VariantName = "[No Variations]"
Added Component: Designator=R4(RES0402)
Add component (AddParameter): Name = "Manufacturer"; Value = ""; VariantName = "[No Variations]"
Add component (AddParameter): Name = "Manufacturer PN"; Value = ""; VariantName = "[No Variations]"
Add component (AddParameter): Name = "Package"; Value = "0402"; VariantName = "[No Variations]"
Add component (AddParameter): Name = "Specification"; Value = "0R"; VariantName = "[No Variations]"
Added Component: Designator=R5(RES0402)
Add component (AddParameter): Name = "Manufacturer"; Value = ""; VariantName = "[No Variations]"
Add component (AddParameter): Name = "Manufacturer PN"; Value = ""; VariantName = "[No Variations]"
Add component (AddParameter): Name = "Package"; Value = "0402"; VariantName = "[No Variations]"
Add component (AddParameter): Name = "Specification"; Value = "4k7"; VariantName = "[No Variations]"
Added Component: Designator=R6(RES0402)
Add component (AddParameter): Name = "Manufacturer"; Value = ""; VariantName = "[No Variations]"
Add component (AddParameter): Name = "Manufacturer PN"; Value = ""; VariantName = "[No Variations]"
Add component (AddParameter): Name = "Package"; Value = "0402"; VariantName = "[No Variations]"
Add component (AddParameter): Name = "Specification"; Value = "4k7"; VariantName = "[No Variations]"
Added Component: Designator=R7(RES0402)
Add component (AddParameter): Name = "Manufacturer"; Value = ""; VariantName = "[No Variations]"
Add component (AddParameter): Name = "Manufacturer PN"; Value = ""; VariantName = "[No Variations]"
Add component (AddParameter): Name = "Package"; Value = "0402"; VariantName = "[No Variations]"
Add component (AddParameter): Name = "Specification"; Value = "10k"; VariantName = "[No Variations]"
Added Component: Designator=R8(RES0402)
Add component (AddParameter): Name = "Manufacturer"; Value = ""; VariantName = "[No Variations]"
Add component (AddParameter): Name = "Manufacturer PN"; Value = ""; VariantName = "[No Variations]"
Add component (AddParameter): Name = "Package"; Value = "0402"; VariantName = "[No Variations]"
Add component (AddParameter): Name = "Specification"; Value = "0R"; VariantName = "[No Variations]"
Added Component: Designator=R9(RES0402)
Add component (AddParameter): Name = "Manufacturer"; Value = ""; VariantName = "[No Variations]"
Add component (AddParameter): Name = "Manufacturer PN"; Value = ""; VariantName = "[No Variations]"
Add component (AddParameter): Name = "Package"; Value = "0402"; VariantName = "[No Variations]"
Add component (AddParameter): Name = "Specification"; Value = "0R"; VariantName = "[No Variations]"
Added Component: Designator=R10(RES0402)
Add component (AddParameter): Name = "Manufacturer"; Value = ""; VariantName = "[No Variations]"
Add component (AddParameter): Name = "Manufacturer PN"; Value = ""; VariantName = "[No Variations]"
Add component (AddParameter): Name = "Package"; Value = "0402"; VariantName = "[No Variations]"
Add component (AddParameter): Name = "Specification"; Value = "10k"; VariantName = "[No Variations]"
Added Component: Designator=R11(RES0402)
Add component (AddParameter): Name = "Manufacturer"; Value = ""; VariantName = "[No Variations]"
Add component (AddParameter): Name = "Manufacturer PN"; Value = ""; VariantName = "[No Variations]"
Add component (AddParameter): Name = "Package"; Value = "0402"; VariantName = "[No Variations]"
Add component (AddParameter): Name = "Specification"; Value = "270R"; VariantName = "[No Variations]"
Added Component: Designator=R12(RES0402)
Add component (AddParameter): Name = "Manufacturer"; Value = ""; VariantName = "[No Variations]"
Add component (AddParameter): Name = "Manufacturer PN"; Value = ""; VariantName = "[No Variations]"
Add component (AddParameter): Name = "Package"; Value = "0402"; VariantName = "[No Variations]"
Add component (AddParameter): Name = "Specification"; Value = "10k"; VariantName = "[No Variations]"
Added Component: Designator=R13(RES0402)
Add component (AddParameter): Name = "Manufacturer"; Value = ""; VariantName = "[No Variations]"
Add component (AddParameter): Name = "Manufacturer PN"; Value = ""; VariantName = "[No Variations]"
Add component (AddParameter): Name = "Package"; Value = "0402"; VariantName = "[No Variations]"
Add component (AddParameter): Name = "Specification"; Value = "270R"; VariantName = "[No Variations]"
Added Component: Designator=R14(0805)
Add component (AddParameter): Name = "LatestRevisionDate"; Value = "17-Jul-2002"; VariantName = "[No Variations]"
Add component (AddParameter): Name = "LatestRevisionNote"; Value = "Re-released for DXP Platform."; VariantName = "[No Variations]"
Add component (AddParameter): Name = "PackageDescription"; Value = "Axial Device, Thru-Hole; 2 Leads; 0.4 in Pin Spacing"; VariantName = "[No Variations]"
Add component (AddParameter): Name = "PackageReference"; Value = "AXIAL-0.4"; VariantName = "[No Variations]"
Add component (AddParameter): Name = "Published"; Value = "8-Jun-2000"; VariantName = "[No Variations]"
Add component (AddParameter): Name = "Publisher"; Value = "Altium Limited"; VariantName = "[No Variations]"
Add component (AddParameter): Name = "Value"; Value = "1K"; VariantName = "[No Variations]"
Added Component: Designator=R20(RES0402)
Add component (AddParameter): Name = "Manufacturer"; Value = ""; VariantName = "[No Variations]"
Add component (AddParameter): Name = "Manufacturer PN"; Value = ""; VariantName = "[No Variations]"
Add component (AddParameter): Name = "Package"; Value = "0402"; VariantName = "[No Variations]"
Add component (AddParameter): Name = "Specification"; Value = "5R1"; VariantName = "[No Variations]"
Added Component: Designator=R22(RES0402)
Add component (AddParameter): Name = "Manufacturer"; Value = ""; VariantName = "[No Variations]"
Add component (AddParameter): Name = "Manufacturer PN"; Value = ""; VariantName = "[No Variations]"
Add component (AddParameter): Name = "Package"; Value = "0402"; VariantName = "[No Variations]"
Add component (AddParameter): Name = "Specification"; Value = "5R1"; VariantName = "[No Variations]"
Added Component: Designator=R29(RES0402)
Add component (AddParameter): Name = "Manufacturer"; Value = ""; VariantName = "[No Variations]"
Add component (AddParameter): Name = "Manufacturer PN"; Value = ""; VariantName = "[No Variations]"
Add component (AddParameter): Name = "Package"; Value = "0402"; VariantName = "[No Variations]"
Add component (AddParameter): Name = "Specification"; Value = "10R"; VariantName = "[No Variations]"
Added Component: Designator=R30(RES0402)
Add component (AddParameter): Name = "Manufacturer"; Value = ""; VariantName = "[No Variations]"
Add component (AddParameter): Name = "Manufacturer PN"; Value = ""; VariantName = "[No Variations]"
Add component (AddParameter): Name = "Package"; Value = "0402"; VariantName = "[No Variations]"
Add component (AddParameter): Name = "Specification"; Value = "10k"; VariantName = "[No Variations]"
Added Component: Designator=S1(EVQQ2W02W)
Add component (AddParameter): Name = "Manufacturer"; Value = "PANASONIC"; VariantName = "[No Variations]"
Add component (AddParameter): Name = "Manufacturer PN"; Value = "EVQQ2W02W"; VariantName = "[No Variations]"
Add component (AddParameter): Name = "Package"; Value = "SMD"; VariantName = "[No Variations]"
Add component (AddParameter): Name = "Specification"; Value = "EVQQ2W02W"; VariantName = "[No Variations]"
Added Component: Designator=U1(TSQFP50P900X900X160-48N)
Add component (AddParameter): Name = "Manufacturer"; Value = "ST"; VariantName = "[No Variations]"
Add component (AddParameter): Name = "Manufacturer PN"; Value = "STM32L412CBT6"; VariantName = "[No Variations]"
Add component (AddParameter): Name = "Package"; Value = "LQFP-48"; VariantName = "[No Variations]"
Add component (AddParameter): Name = "Specification"; Value = "STM32L412CBT6"; VariantName = "[No Variations]"
Added Component: Designator=U02(28-QFN_0.4mm)
Added Component: Designator=U2(SC-70 5L)
Add component (AddParameter): Name = "Manufacturer"; Value = "SEMTECH"; VariantName = "[No Variations]"
Add component (AddParameter): Name = "Manufacturer PN"; Value = "RClamp0503F.TCT"; VariantName = "[No Variations]"
Add component (AddParameter): Name = "Package"; Value = "SC70-5L"; VariantName = "[No Variations]"
Add component (AddParameter): Name = "Specification"; Value = "RClamp0503F"; VariantName = "[No Variations]"
Added Component: Designator=U3(SOT23-3)
Add component (AddParameter): Name = "Manufacturer"; Value = "MICROCHIP"; VariantName = "[No Variations]"
Add component (AddParameter): Name = "Manufacturer PN"; Value = "MCP1810T33ITT"; VariantName = "[No Variations]"
Add component (AddParameter): Name = "Package"; Value = "SOT23"; VariantName = "[No Variations]"
Add component (AddParameter): Name = "Specification"; Value = "MCP1810T33ITT"; VariantName = "[No Variations]"
Added Component: Designator=U4(SO_8_W)
Add component (AddParameter): Name = "Manufacturer"; Value = "Macronix"; VariantName = "[No Variations]"
Add component (AddParameter): Name = "Manufacturer PN"; Value = "MX25R6435FM2IL0"; VariantName = "[No Variations]"
Add component (AddParameter): Name = "Package"; Value = "SOIC-8"; VariantName = "[No Variations]"
Add component (AddParameter): Name = "Specification"; Value = "MX25R6435F"; VariantName = "[No Variations]"
Added Component: Designator=U5(OPT3001)
Add component (AddParameter): Name = "Manufacturer"; Value = "TI"; VariantName = "[No Variations]"
Add component (AddParameter): Name = "Manufacturer PN"; Value = "OPT3001DNP"; VariantName = "[No Variations]"
Add component (AddParameter): Name = "Package"; Value = "DNP-6"; VariantName = "[No Variations]"
Add component (AddParameter): Name = "Specification"; Value = "OPT3001"; VariantName = "[No Variations]"
Added Component: Designator=U7(SHTC3)
Add component (AddParameter): Name = "Manufacturer"; Value = "SENSIRION"; VariantName = "[No Variations]"
Add component (AddParameter): Name = "Manufacturer PN"; Value = "SHTC3"; VariantName = "[No Variations]"
Add component (AddParameter): Name = "Package"; Value = "DFN"; VariantName = "[No Variations]"
Add component (AddParameter): Name = "Specification"; Value = "SHTC3"; VariantName = "[No Variations]"
Added Component: Designator=U9(SOTFL50P160X60-6N)
Add component (AddParameter): Name = "Manufacturer"; Value = "TI"; VariantName = "[No Variations]"
Add component (AddParameter): Name = "Manufacturer PN"; Value = "TMP112AIDR"; VariantName = "[No Variations]"
Add component (AddParameter): Name = "Package"; Value = "SOT-563"; VariantName = "[No Variations]"
Add component (AddParameter): Name = "Specification"; Value = "TMP112"; VariantName = "[No Variations]"
Added Component: Designator=U10(VSSOP-10)
Add component (AddParameter): Name = "Manufacturer"; Value = "TI"; VariantName = "[No Variations]"
Add component (AddParameter): Name = "Manufacturer PN"; Value = "INA226AIDGS"; VariantName = "[No Variations]"
Add component (AddParameter): Name = "Package"; Value = "VSSOP10"; VariantName = "[No Variations]"
Add component (AddParameter): Name = "Specification"; Value = "INA226A"; VariantName = "[No Variations]"
Added Component: Designator=X1(FC-135)
Add component (AddParameter): Name = "Manufacturer"; Value = "EPSON"; VariantName = "[No Variations]"
Add component (AddParameter): Name = "Manufacturer PN"; Value = "FC-135 32.7680KA-A5"; VariantName = "[No Variations]"
Add component (AddParameter): Name = "Package"; Value = "SMD"; VariantName = "[No Variations]"
Add component (AddParameter): Name = "Specification"; Value = "32.768 kHz"; VariantName = "[No Variations]"
Added Component: Designator=X2(ABM3B)
Add component (AddParameter): Name = "Manufacturer"; Value = "ABRACON"; VariantName = "[No Variations]"
Add component (AddParameter): Name = "Manufacturer PN"; Value = "ABM3B-8.000MHZ-B2-T"; VariantName = "[No Variations]"
Add component (AddParameter): Name = "Package"; Value = "SMD"; VariantName = "[No Variations]"
Add component (AddParameter): Name = "Specification"; Value = "8 MHz"; VariantName = "[No Variations]"
Added Pin To Net: NetName=5V_USB Pin=D4-1
Added Pin To Net: NetName=5V_USB Pin=R2-2
Added Pin To Net: NetName=5V_USB Pin=U2-5
Added Net: Name=5V_USB
Added Pin To Net: NetName=ACTIVATE_IV_MEASn Pin=U1-20
Added Net: Name=ACTIVATE_IV_MEASn
Added Pin To Net: NetName=BAT_Drain Pin=D5-2
Added Net: Name=BAT_Drain
Added Pin To Net: NetName=BAT_MEAS Pin=Q1-3
Added Pin To Net: NetName=BAT_MEAS Pin=U1-11
Added Net: Name=BAT_MEAS
Added Pin To Net: NetName=BUTTON Pin=R10-2
Added Pin To Net: NetName=BUTTON Pin=S1-3
Added Pin To Net: NetName=BUTTON Pin=S1-4
Added Pin To Net: NetName=BUTTON Pin=U1-2
Added Net: Name=BUTTON
Added Pin To Net: NetName=DGND Pin=C07-1
Added Pin To Net: NetName=DGND Pin=C08-1
Added Pin To Net: NetName=DGND Pin=R01-1
Added Pin To Net: NetName=DGND Pin=U02-7
Added Pin To Net: NetName=DGND Pin=U02-8
Added Net: Name=DGND
Added Pin To Net: NetName=EXT_BAT Pin=D3-1
Added Pin To Net: NetName=EXT_BAT Pin=D5-1
Added Pin To Net: NetName=EXT_BAT Pin=P5-1
Added Pin To Net: NetName=EXT_BAT Pin=R14-1
Added Pin To Net: NetName=EXT_BAT Pin=R22-1
Added Pin To Net: NetName=EXT_BAT Pin=R29-1
Added Net: Name=EXT_BAT
Added Pin To Net: NetName=FLASH_CS Pin=U1-12
Added Pin To Net: NetName=FLASH_CS Pin=U4-1
Added Net: Name=FLASH_CS
Added Pin To Net: NetName=FLASH_SCLK Pin=U1-13
Added Pin To Net: NetName=FLASH_SCLK Pin=U4-6
Added Net: Name=FLASH_SCLK
Added Pin To Net: NetName=FLASH_SIO0 Pin=U1-19
Added Pin To Net: NetName=FLASH_SIO0 Pin=U4-5
Added Net: Name=FLASH_SIO0
Added Pin To Net: NetName=FLASH_SIO1 Pin=U1-18
Added Pin To Net: NetName=FLASH_SIO1 Pin=U4-2
Added Net: Name=FLASH_SIO1
Added Pin To Net: NetName=FLASH_SIO2 Pin=U1-17
Added Pin To Net: NetName=FLASH_SIO2 Pin=U4-3
Added Net: Name=FLASH_SIO2
Added Pin To Net: NetName=FLASH_SIO3 Pin=U1-16
Added Pin To Net: NetName=FLASH_SIO3 Pin=U4-7
Added Net: Name=FLASH_SIO3
Added Pin To Net: NetName=GND Pin=C1-1
Added Pin To Net: NetName=GND Pin=C2-1
Added Pin To Net: NetName=GND Pin=C02-1
Added Pin To Net: NetName=GND Pin=C3-1
Added Pin To Net: NetName=GND Pin=C03-1
Added Pin To Net: NetName=GND Pin=C4-1
Added Pin To Net: NetName=GND Pin=C04-1
Added Pin To Net: NetName=GND Pin=C5-1
Added Pin To Net: NetName=GND Pin=C05-1
Added Pin To Net: NetName=GND Pin=C6-1
Added Pin To Net: NetName=GND Pin=C06-1
Added Pin To Net: NetName=GND Pin=C7-1
Added Pin To Net: NetName=GND Pin=C8-1
Added Pin To Net: NetName=GND Pin=C9-1
Added Pin To Net: NetName=GND Pin=C09-1
Added Pin To Net: NetName=GND Pin=C10-1
Added Pin To Net: NetName=GND Pin=C11-1
Added Pin To Net: NetName=GND Pin=C12-1
Added Pin To Net: NetName=GND Pin=C13-1
Added Pin To Net: NetName=GND Pin=C14-1
Added Pin To Net: NetName=GND Pin=C15-1
Added Pin To Net: NetName=GND Pin=C16-1
Added Pin To Net: NetName=GND Pin=C19-1
Added Pin To Net: NetName=GND Pin=C20-1
Added Pin To Net: NetName=GND Pin=C21-1
Added Pin To Net: NetName=GND Pin=C22-1
Added Pin To Net: NetName=GND Pin=C23-1
Added Pin To Net: NetName=GND Pin=MH1-1
Added Pin To Net: NetName=GND Pin=MH2-1
Added Pin To Net: NetName=GND Pin=P3-1
Added Pin To Net: NetName=GND Pin=P3-1
Added Pin To Net: NetName=GND Pin=P4-2
Added Pin To Net: NetName=GND Pin=P5-2
Added Pin To Net: NetName=GND Pin=Q01-2
Added Pin To Net: NetName=GND Pin=R01-2
Added Pin To Net: NetName=GND Pin=R7-1
Added Pin To Net: NetName=GND Pin=R10-1
Added Pin To Net: NetName=GND Pin=R12-1
Added Pin To Net: NetName=GND Pin=R30-1
Added Pin To Net: NetName=GND Pin=U1-8
Added Pin To Net: NetName=GND Pin=U1-23
Added Pin To Net: NetName=GND Pin=U1-35
Added Pin To Net: NetName=GND Pin=U1-47
Added Pin To Net: NetName=GND Pin=U2-2
Added Pin To Net: NetName=GND Pin=U02-2
Added Pin To Net: NetName=GND Pin=U02-4
Added Pin To Net: NetName=GND Pin=U02-6
Added Pin To Net: NetName=GND Pin=U02-27
Added Pin To Net: NetName=GND Pin=U02-28
Added Pin To Net: NetName=GND Pin=U02-29
Added Pin To Net: NetName=GND Pin=U3-3
Added Pin To Net: NetName=GND Pin=U4-4
Added Pin To Net: NetName=GND Pin=U5-2
Added Pin To Net: NetName=GND Pin=U5-3
Added Pin To Net: NetName=GND Pin=U5-7
Added Pin To Net: NetName=GND Pin=U7-4
Added Pin To Net: NetName=GND Pin=U7-5
Added Pin To Net: NetName=GND Pin=U9-2
Added Pin To Net: NetName=GND Pin=U9-4
Added Pin To Net: NetName=GND Pin=U10-1
Added Pin To Net: NetName=GND Pin=U10-2
Added Pin To Net: NetName=GND Pin=U10-7
Added Pin To Net: NetName=GND Pin=X2-2
Added Pin To Net: NetName=GND Pin=X2-4
Added Net: Name=GND
Added Pin To Net: NetName=I2C1_SCL Pin=R5-1
Added Pin To Net: NetName=I2C1_SCL Pin=R8-1
Added Pin To Net: NetName=I2C1_SCL Pin=U5-4
Added Pin To Net: NetName=I2C1_SCL Pin=U7-2
Added Pin To Net: NetName=I2C1_SCL Pin=U9-1
Added Pin To Net: NetName=I2C1_SCL Pin=U10-5
Added Net: Name=I2C1_SCL
Added Pin To Net: NetName=I2C1_SDA Pin=R6-1
Added Pin To Net: NetName=I2C1_SDA Pin=R9-1
Added Pin To Net: NetName=I2C1_SDA Pin=U5-6
Added Pin To Net: NetName=I2C1_SDA Pin=U7-3
Added Pin To Net: NetName=I2C1_SDA Pin=U9-6
Added Pin To Net: NetName=I2C1_SDA Pin=U10-4
Added Net: Name=I2C1_SDA
Added Pin To Net: NetName=I_MEAS Pin=U1-14
Added Net: Name=I_MEAS
Added Pin To Net: NetName=ICSPCLK Pin=P3-4
Added Pin To Net: NetName=ICSPCLK Pin=U02-10
Added Net: Name=ICSPCLK
Added Pin To Net: NetName=ICSPDAT Pin=P3-5
Added Pin To Net: NetName=ICSPDAT Pin=U02-11
Added Net: Name=ICSPDAT
Added Pin To Net: NetName=ICSP Pin=P3-2
Added Pin To Net: NetName=ICSP Pin=U02-18
Added Net: Name=ICSP
Added Pin To Net: NetName=LED_Gn Pin=R13-2
Added Pin To Net: NetName=LED_Gn Pin=U1-25
Added Net: Name=LED_Gn
Added Pin To Net: NetName=LED_Rn Pin=R11-2
Added Pin To Net: NetName=LED_Rn Pin=U1-27
Added Net: Name=LED_Rn
Added Pin To Net: NetName=MCU_DEBUG_RX Pin=P3-2
Added Pin To Net: NetName=MCU_DEBUG_RX Pin=U1-31
Added Net: Name=MCU_DEBUG_RX
Added Pin To Net: NetName=MCU_DEBUG_TX Pin=P3-3
Added Pin To Net: NetName=MCU_DEBUG_TX Pin=U1-30
Added Net: Name=MCU_DEBUG_TX
Added Pin To Net: NetName=NetC1_2 Pin=C1-2
Added Pin To Net: NetName=NetC1_2 Pin=U1-3
Added Pin To Net: NetName=NetC1_2 Pin=X1-1
Added Net: Name=NetC1_2
Added Pin To Net: NetName=NetC2_2 Pin=C2-2
Added Pin To Net: NetName=NetC2_2 Pin=U1-4
Added Pin To Net: NetName=NetC2_2 Pin=X1-2
Added Net: Name=NetC2_2
Added Pin To Net: NetName=NetC3_2 Pin=C3-2
Added Pin To Net: NetName=NetC3_2 Pin=U1-5
Added Pin To Net: NetName=NetC3_2 Pin=X2-1
Added Net: Name=NetC3_2
Added Pin To Net: NetName=NetC4_2 Pin=C4-2
Added Pin To Net: NetName=NetC4_2 Pin=U1-6
Added Pin To Net: NetName=NetC4_2 Pin=X2-3
Added Net: Name=NetC4_2
Added Pin To Net: NetName=NetC08_2 Pin=C08-2
Added Pin To Net: NetName=NetC08_2 Pin=U02-15
Added Net: Name=NetC08_2
Added Pin To Net: NetName=NetC09_2 Pin=C09-2
Added Pin To Net: NetName=NetC09_2 Pin=R02-2
Added Pin To Net: NetName=NetC09_2 Pin=U02-9
Added Net: Name=NetC09_2
Added Pin To Net: NetName=NetC12_2 Pin=C12-2
Added Pin To Net: NetName=NetC12_2 Pin=D3-2
Added Pin To Net: NetName=NetC12_2 Pin=D4-2
Added Pin To Net: NetName=NetC12_2 Pin=U3-2
Added Net: Name=NetC12_2
Added Pin To Net: NetName=NetC13_2 Pin=C13-2
Added Pin To Net: NetName=NetC13_2 Pin=D1-1
Added Pin To Net: NetName=NetC13_2 Pin=Q1-1
Added Pin To Net: NetName=NetC13_2 Pin=R12-2
Added Pin To Net: NetName=NetC13_2 Pin=U3-1
Added Net: Name=NetC13_2
Added Pin To Net: NetName=NetC22_2 Pin=C22-2
Added Pin To Net: NetName=NetC22_2 Pin=L1-2
Added Pin To Net: NetName=NetC22_2 Pin=U1-9
Added Net: Name=NetC22_2
Added Pin To Net: NetName=NetD02_2 Pin=D02-2
Added Pin To Net: NetName=NetD02_2 Pin=L01-2
Added Pin To Net: NetName=NetD02_2 Pin=Q01-3
Added Net: Name=NetD02_2
Added Pin To Net: NetName=NetD2_2 Pin=D2-2
Added Pin To Net: NetName=NetD2_2 Pin=R11-1
Added Net: Name=NetD2_2
Added Pin To Net: NetName=NetD2_4 Pin=D2-4
Added Pin To Net: NetName=NetD2_4 Pin=R13-1
Added Net: Name=NetD2_4
Added Pin To Net: NetName=NetJ1_2 Pin=R3-2
Added Pin To Net: NetName=NetJ1_2 Pin=U2-1
Added Net: Name=NetJ1_2
Added Pin To Net: NetName=NetJ1_3 Pin=R4-2
Added Pin To Net: NetName=NetJ1_3 Pin=U2-3
Added Net: Name=NetJ1_3
Added Pin To Net: NetName=NetL02_2 Pin=L02-2
Added Pin To Net: NetName=NetL02_2 Pin=U02-1
Added Pin To Net: NetName=NetL02_2 Pin=U02-3
Added Pin To Net: NetName=NetL02_2 Pin=U02-5
Added Pin To Net: NetName=NetL02_2 Pin=U02-23
Added Pin To Net: NetName=NetL02_2 Pin=U02-25
Added Pin To Net: NetName=NetL02_2 Pin=U02-26
Added Net: Name=NetL02_2
Added Pin To Net: NetName=NetR8_2 Pin=R8-2
Added Pin To Net: NetName=NetR8_2 Pin=U1-42
Added Net: Name=NetR8_2
Added Pin To Net: NetName=NetR9_2 Pin=R9-2
Added Pin To Net: NetName=NetR9_2 Pin=U1-43
Added Net: Name=NetR9_2
Added Pin To Net: NetName=NetR29_2 Pin=R29-2
Added Pin To Net: NetName=NetR29_2 Pin=U10-8
Added Net: Name=NetR29_2
Added Pin To Net: NetName=PA15 Pin=U1-38
Added Net: Name=PA15
Added Pin To Net: NetName=PH3 Pin=R7-2
Added Pin To Net: NetName=PH3 Pin=U1-44
Added Net: Name=PH3
Added Pin To Net: NetName=PWM Pin=Q01-1
Added Pin To Net: NetName=PWM Pin=U02-12
Added Pin To Net: NetName=PWM Pin=U02-19
Added Net: Name=PWM
Added Pin To Net: NetName=RESET Pin=P4-5
Added Pin To Net: NetName=RESET Pin=R1-1
Added Pin To Net: NetName=RESET Pin=U1-7
Added Net: Name=RESET
Added Pin To Net: NetName=SENS_I_+ Pin=C17-2
Added Pin To Net: NetName=SENS_I_+ Pin=R20-2
Added Pin To Net: NetName=SENS_I_+ Pin=U10-10
Added Net: Name=SENS_I_+
Added Pin To Net: NetName=SENS_I_- Pin=C17-1
Added Pin To Net: NetName=SENS_I_- Pin=R22-2
Added Pin To Net: NetName=SENS_I_- Pin=U10-9
Added Net: Name=SENS_I_-
Added Pin To Net: NetName=Solar+ Pin=C02-2
Added Pin To Net: NetName=Solar+ Pin=C03-2
Added Pin To Net: NetName=Solar+ Pin=C04-2
Added Pin To Net: NetName=Solar+ Pin=L01-1
Added Pin To Net: NetName=Solar+ Pin=L02-1
Added Pin To Net: NetName=Solar+ Pin=R02-1
Added Net: Name=Solar+
Added Pin To Net: NetName=SPI2_MOSI Pin=U1-28
Added Net: Name=SPI2_MOSI
Added Pin To Net: NetName=SPI2_SCK Pin=U1-26
Added Net: Name=SPI2_SCK
Added Pin To Net: NetName=SWCLK Pin=P4-4
Added Pin To Net: NetName=SWCLK Pin=U1-37
Added Net: Name=SWCLK
Added Pin To Net: NetName=SWDIO Pin=P4-1
Added Pin To Net: NetName=SWDIO Pin=U1-34
Added Net: Name=SWDIO
Added Pin To Net: NetName=SWO Pin=P4-6
Added Pin To Net: NetName=SWO Pin=U1-39
Added Net: Name=SWO
Added Pin To Net: NetName=USB_N Pin=R3-1
Added Pin To Net: NetName=USB_N Pin=U1-32
Added Net: Name=USB_N
Added Pin To Net: NetName=USB_P Pin=R4-1
Added Pin To Net: NetName=USB_P Pin=U1-33
Added Net: Name=USB_P
Added Pin To Net: NetName=USB_SENSE Pin=R2-1
Added Pin To Net: NetName=USB_SENSE Pin=R30-2
Added Pin To Net: NetName=USB_SENSE Pin=U1-10
Added Net: Name=USB_SENSE
Added Pin To Net: NetName=V_MEAS Pin=U1-15
Added Net: Name=V_MEAS
Added Pin To Net: NetName=VCC Pin=C05-2
Added Pin To Net: NetName=VCC Pin=C06-2
Added Pin To Net: NetName=VCC Pin=C07-2
Added Pin To Net: NetName=VCC Pin=D02-1
Added Pin To Net: NetName=VCC Pin=P3-3
Added Pin To Net: NetName=VCC Pin=R14-2
Added Pin To Net: NetName=VCC Pin=R20-1
Added Pin To Net: NetName=VCC Pin=U02-16
Added Pin To Net: NetName=VCC Pin=U02-21
Added Pin To Net: NetName=VCC Pin=U02-22
Added Pin To Net: NetName=VCC Pin=U02-24
Added Net: Name=VCC
Added Pin To Net: NetName=VDD_FLASH Pin=C14-2
Added Pin To Net: NetName=VDD_FLASH Pin=C15-2
Added Pin To Net: NetName=VDD_FLASH Pin=C23-2
Added Pin To Net: NetName=VDD_FLASH Pin=U1-21
Added Pin To Net: NetName=VDD_FLASH Pin=U1-22
Added Pin To Net: NetName=VDD_FLASH Pin=U4-8
Added Net: Name=VDD_FLASH
Added Pin To Net: NetName=VDD_SENSORS_FAST Pin=C19-2
Added Pin To Net: NetName=VDD_SENSORS_FAST Pin=C20-2
Added Pin To Net: NetName=VDD_SENSORS_FAST Pin=C21-2
Added Pin To Net: NetName=VDD_SENSORS_FAST Pin=U1-45
Added Pin To Net: NetName=VDD_SENSORS_FAST Pin=U1-46
Added Pin To Net: NetName=VDD_SENSORS_FAST Pin=U7-1
Added Pin To Net: NetName=VDD_SENSORS_FAST Pin=U9-5
Added Pin To Net: NetName=VDD_SENSORS_FAST Pin=U10-6
Added Net: Name=VDD_SENSORS_FAST
Added Pin To Net: NetName=VDD_SENSORS_SLOW Pin=C16-2
Added Pin To Net: NetName=VDD_SENSORS_SLOW Pin=R5-2
Added Pin To Net: NetName=VDD_SENSORS_SLOW Pin=R6-2
Added Pin To Net: NetName=VDD_SENSORS_SLOW Pin=U1-40
Added Pin To Net: NetName=VDD_SENSORS_SLOW Pin=U1-41
Added Pin To Net: NetName=VDD_SENSORS_SLOW Pin=U5-1
Added Net: Name=VDD_SENSORS_SLOW
Added Pin To Net: NetName=VDD Pin=C5-2
Added Pin To Net: NetName=VDD Pin=C6-2
Added Pin To Net: NetName=VDD Pin=C7-2
Added Pin To Net: NetName=VDD Pin=C8-2
Added Pin To Net: NetName=VDD Pin=C9-2
Added Pin To Net: NetName=VDD Pin=C10-2
Added Pin To Net: NetName=VDD Pin=C11-2
Added Pin To Net: NetName=VDD Pin=D1-2
Added Pin To Net: NetName=VDD Pin=D2-1
Added Pin To Net: NetName=VDD Pin=D2-3
Added Pin To Net: NetName=VDD Pin=L1-1
Added Pin To Net: NetName=VDD Pin=P4-3
Added Pin To Net: NetName=VDD Pin=Q1-2
Added Pin To Net: NetName=VDD Pin=R1-2
Added Pin To Net: NetName=VDD Pin=S1-1
Added Pin To Net: NetName=VDD Pin=S1-2
Added Pin To Net: NetName=VDD Pin=U1-1
Added Pin To Net: NetName=VDD Pin=U1-24
Added Pin To Net: NetName=VDD Pin=U1-36
Added Pin To Net: NetName=VDD Pin=U1-48
Added Net: Name=VDD
Added Class: Name=Sunboost
Added Differential Pair: Name=USB
Added Room: Name=Sunboost
