Removed Pin From Net: NetName=NetL2_2 Pin=U2-1
Removed Pin From Net: NetName=GND Pin=U2-2
Removed Pin From Net: NetName=NetL2_2 Pin=U2-3
Removed Pin From Net: NetName=GND Pin=U2-4
Removed Pin From Net: NetName=NetL2_2 Pin=U2-5
Removed Pin From Net: NetName=GND Pin=U2-6
Removed Pin From Net: NetName=DGND Pin=U2-7
Removed Pin From Net: NetName=DGND Pin=U2-8
Removed Pin From Net: NetName=NetC9_2 Pin=U2-9
Removed Pin From Net: NetName=ICSPCLK Pin=U2-10
Removed Pin From Net: NetName=ICSPDAT Pin=U2-11
Removed Pin From Net: NetName=PWM Pin=U2-12
Removed Pin From Net: NetName=NetC8_2 Pin=U2-15
Removed Pin From Net: NetName=VCC Pin=U2-16
Removed Pin From Net: NetName=ICSP Pin=U2-18
Removed Pin From Net: NetName=PWM Pin=U2-19
Removed Pin From Net: NetName=VCC Pin=U2-21
Removed Pin From Net: NetName=VCC Pin=U2-22
Removed Pin From Net: NetName=NetL2_2 Pin=U2-23
Removed Pin From Net: NetName=VCC Pin=U2-24
Removed Pin From Net: NetName=NetL2_2 Pin=U2-25
Removed Pin From Net: NetName=NetL2_2 Pin=U2-26
Removed Pin From Net: NetName=GND Pin=U2-27
Removed Pin From Net: NetName=GND Pin=U2-28
Removed Pin From Net: NetName=GND Pin=U2-29
Added Component: Designator=U?(28-QFN_0.4mm)
Added Pin To Net: NetName=NetL2_2 Pin=U?-1
Added Pin To Net: NetName=GND Pin=U?-2
Added Pin To Net: NetName=NetL2_2 Pin=U?-3
Added Pin To Net: NetName=GND Pin=U?-4
Added Pin To Net: NetName=NetL2_2 Pin=U?-5
Added Pin To Net: NetName=GND Pin=U?-6
Added Pin To Net: NetName=DGND Pin=U?-7
Added Pin To Net: NetName=DGND Pin=U?-8
Added Pin To Net: NetName=NetC9_2 Pin=U?-9
Added Pin To Net: NetName=ICSPCLK Pin=U?-10
Added Pin To Net: NetName=ICSPDAT Pin=U?-11
Added Pin To Net: NetName=PWM Pin=U?-12
Added Pin To Net: NetName=NetC8_2 Pin=U?-15
Added Pin To Net: NetName=VCC Pin=U?-16
Added Pin To Net: NetName=ICSP Pin=U?-18
Added Pin To Net: NetName=PWM Pin=U?-19
Added Pin To Net: NetName=VCC Pin=U?-21
Added Pin To Net: NetName=VCC Pin=U?-22
Added Pin To Net: NetName=NetL2_2 Pin=U?-23
Added Pin To Net: NetName=VCC Pin=U?-24
Added Pin To Net: NetName=NetL2_2 Pin=U?-25
Added Pin To Net: NetName=NetL2_2 Pin=U?-26
Added Pin To Net: NetName=GND Pin=U?-27
Added Pin To Net: NetName=GND Pin=U?-28
Added Pin To Net: NetName=GND Pin=U?-29
