Removed Pin From Net: NetName=GND Pin=P1-1
Removed Pin From Net: NetName=ICSP Pin=P1-2
Removed Pin From Net: NetName=VCC Pin=P1-3
Removed Pin From Net: NetName=ICSPCLK Pin=P1-4
Removed Pin From Net: NetName=ICSPDAT Pin=P1-5
Removed Pin From Net: NetName=SWDIO Pin=P4-1
Removed Pin From Net: NetName=GND Pin=P4-2
Removed Pin From Net: NetName=VDD Pin=P4-3
Removed Pin From Net: NetName=SWCLK Pin=P4-4
Removed Pin From Net: NetName=RST Pin=P4-5
Removed Pin From Net: NetName=SWO Pin=P4-6
Removed Pin From Net: NetName=USART1_RX Pin=P5-1
Removed Pin From Net: NetName=USART1_TX Pin=P5-2
Removed Pin From Net: NetName=GND Pin=P5-3
Added Component: Designator=J?(1x6 Header 1.27)
Added Component: Designator=P?(1x5 Header 1.27)
Added Component: Designator=P?(1x3 Header 1.27)
Added Pin To Net: NetName=SWDIO Pin=J?-1
Added Pin To Net: NetName=GND Pin=J?-2
Added Pin To Net: NetName=VDD Pin=J?-3
Added Pin To Net: NetName=SWCLK Pin=J?-4
Added Pin To Net: NetName=RST Pin=J?-5
Added Pin To Net: NetName=SWO Pin=J?-6
Added Pin To Net: NetName=GND Pin=P?-1
Added Pin To Net: NetName=USART1_RX Pin=P?-1
Added Pin To Net: NetName=ICSP Pin=P?-2
Added Pin To Net: NetName=USART1_TX Pin=P?-2
Added Pin To Net: NetName=GND Pin=P?-3
Added Pin To Net: NetName=VCC Pin=P?-3
Added Pin To Net: NetName=ICSPCLK Pin=P?-4
Added Pin To Net: NetName=ICSPDAT Pin=P?-5
