Removed Pin From Net: NetName=VDD_Sensor Pin=U?-1
Removed Pin From Net: NetName=GND Pin=U?-2
Removed Pin From Net: NetName=VDD_Sensor Pin=U?-5
Removed Pin From Net: NetName=I2C4_SDA Pin=U?-6
Removed Pin From Net: NetName=GND Pin=U?-7
Removed Pin From Net: NetName=GND Pin=U?-63
Removed Member From Class: ClassName=Designator Member=IC?
Removed Member From Class: ClassName=Designator Member=Q?
Removed Member From Class: ClassName=Designator Member=U?
Change Component Designator: OldDesignator=D? NewDesignator=D4
Change Component Designator: OldDesignator=D? NewDesignator=D21
Change Component Designator: OldDesignator=D? NewDesignator=D22
Change Component Designator: OldDesignator=IC? NewDesignator=IC1
Change Component Designator: OldDesignator=IC? NewDesignator=IC2
Change Component Designator: OldDesignator=L? NewDesignator=L7
Change Component Designator: OldDesignator=P? NewDesignator=P9
Change Component Designator: OldDesignator=Q? NewDesignator=Q2
Change Component Designator: OldDesignator=Q? NewDesignator=Q4
Change Component Designator: OldDesignator=Q? NewDesignator=Q5
Change Component Designator: OldDesignator=Q? NewDesignator=Q6
Change Component Designator: OldDesignator=Q? NewDesignator=Q7
Change Component Designator: OldDesignator=U? NewDesignator=U1
Change Component Designator: OldDesignator=U? NewDesignator=U2
Change Component Designator: OldDesignator=U? NewDesignator=U4
Change Component Designator: OldDesignator=U? NewDesignator=U6
Change Component Designator: OldDesignator=U? NewDesignator=U7
Change Component Designator: OldDesignator=U? NewDesignator=U8
Change Component Designator: OldDesignator=U? NewDesignator=U9
Change Component Designator: OldDesignator=U? NewDesignator=U10
Change Component Designator: OldDesignator=U? NewDesignator=U11
Change Component Designator: OldDesignator=U? NewDesignator=U12
Change Component Designator: OldDesignator=U? NewDesignator=U14
Change Component Designator: OldDesignator=U? NewDesignator=U15
Change Component Designator: OldDesignator=U? NewDesignator=U17
Change Component Designator: OldDesignator=U? NewDesignator=U18
Added Pin To Net: NetName=VDD Pin=U1-1
Added Pin To Net: NetName=Spectrum_Enable Pin=U1-2
Added Pin To Net: NetName=RST Pin=U1-7
Added Pin To Net: NetName=VBAT_Sense Pin=U1-8
Added Pin To Net: NetName=VBAT_Sense_Enable Pin=U1-9
Added Pin To Net: NetName=Revision_Enable Pin=U1-10
Added Pin To Net: NetName=ADC_Revision Pin=U1-11
Added Pin To Net: NetName=GND Pin=U1-12
Added Pin To Net: NetName=NetC16_2 Pin=U1-13
Added Pin To Net: NetName=SendData_EXTI0 Pin=U1-14
Added Pin To Net: NetName=NetStatus_Out Pin=U1-15
Added Pin To Net: NetName=USART2_TX Pin=U1-16
Added Pin To Net: NetName=USART2_RX Pin=U1-17
Added Pin To Net: NetName=GND Pin=U1-18
Added Pin To Net: NetName=VDD Pin=U1-19
Added Pin To Net: NetName=Radio Enable Pin=U1-20
Added Pin To Net: NetName=Sara_Power_MCU Pin=U1-21
Added Pin To Net: NetName=Sara_Reset_MCU Pin=U1-22
Added Pin To Net: NetName=USART3_TX Pin=U1-24
Added Pin To Net: NetName=USART3_RX Pin=U1-25
Added Pin To Net: NetName=GPS_Enable Pin=U1-26
Added Pin To Net: NetName=Screen_Enable Pin=U1-27
Added Pin To Net: NetName=Accelerometer_Enable Pin=U1-28
Added Pin To Net: NetName=I2C2_SCL Pin=U1-29
Added Pin To Net: NetName=I2C2_SDA Pin=U1-30
Added Pin To Net: NetName=GND Pin=U1-31
Added Pin To Net: NetName=VDD Pin=U1-32
Added Pin To Net: NetName=CS Pin=U1-33
Added Pin To Net: NetName=SPI_SCK Pin=U1-34
Added Pin To Net: NetName=SPI_MISO Pin=U1-35
Added Pin To Net: NetName=SPI_MOSI Pin=U1-36
Added Pin To Net: NetName=D/C Pin=U1-37
Added Pin To Net: NetName=Screen_RST Pin=U1-38
Added Pin To Net: NetName=SDData0 Pin=U1-39
Added Pin To Net: NetName=SDData1 Pin=U1-40
Added Pin To Net: NetName=BUSY Pin=U1-41
Added Pin To Net: NetName=USART1_TX Pin=U1-42
Added Pin To Net: NetName=USART1_RX Pin=U1-43
Added Pin To Net: NetName=LED_Green Pin=U1-44
Added Pin To Net: NetName=LED_Red Pin=U1-45
Added Pin To Net: NetName=SWDIO Pin=U1-46
Added Pin To Net: NetName=GND Pin=U1-47
Added Pin To Net: NetName=VDD Pin=U1-48
Added Pin To Net: NetName=SWCLK Pin=U1-49
Added Pin To Net: NetName=SD_Enable Pin=U1-50
Added Pin To Net: NetName=SDData2 Pin=U1-51
Added Pin To Net: NetName=SDData3 Pin=U1-52
Added Pin To Net: NetName=SDCLK Pin=U1-53
Added Pin To Net: NetName=SDCMD Pin=U1-54
Added Pin To Net: NetName=SWO Pin=U1-55
Added Pin To Net: NetName=USB_Detect Pin=U1-56
Added Pin To Net: NetName=Sensor_Enable Pin=U1-57
Added Pin To Net: NetName=I2C4_SCL Pin=U1-58
Added Pin To Net: NetName=I2C4_SDA Pin=U1-59
Added Pin To Net: NetName=BOOT0 Pin=U1-60
Added Pin To Net: NetName=I2C1_SCL Pin=U1-61
Added Pin To Net: NetName=I2C1_SDA Pin=U1-62
Added Pin To Net: NetName=GND Pin=U1-63
Added Pin To Net: NetName=VDD Pin=U1-64
Added Pin To Net: NetName=GND Pin=U8-1
Added Pin To Net: NetName=GND Pin=U8-5
Change Net Name : Old Net Name=NetIC?_8 New Net Name=NetIC1_8
Change Net Name : Old Net Name=NetQ?_1 New Net Name=NetQ2_1
Change Net Name : Old Net Name=NetQ?_3 New Net Name=NetQ2_3
Change Net Name : Old Net Name=NetU13_2 New Net Name=NetU7_5
Change Net Name : Old Net Name=NetU13_5 New Net Name=NetU7_4
Change Net Name : Old Net Name=NetU13_6 New Net Name=NetU7_3
Change Net Name : Old Net Name=NetU16_11 New Net Name=NetU8_13
Change Net Name : Old Net Name=NetU16_12 New Net Name=NetU8_12
Added Pin To Net: NetName=NetQ6_1 Pin=Q6-1
Added Pin To Net: NetName=NetQ6_1 Pin=R36-2
Added Net: Name=NetQ6_1
Added Pin To Net: NetName=NetQ7_1 Pin=Q7-1
Added Pin To Net: NetName=NetQ7_1 Pin=R57-2
Added Net: Name=NetQ7_1
Added Member To Class: ClassName=Designator Member=Component IC2 E-SIM
Added Member To Class: ClassName=Designator Member=Component Q6 BSS123
Added Member To Class: ClassName=Designator Member=Component Q7 BSS123
Added Member To Class: ClassName=Designator Member=Component U8 SARA-R4
