Removed Pin From Net: NetName=GND Pin=P1-1
Removed Pin From Net: NetName=ICSP Pin=P1-2
Removed Pin From Net: NetName=VCC Pin=P1-3
Removed Pin From Net: NetName=ICSPCLK Pin=P1-4
Removed Pin From Net: NetName=ICSPDAT Pin=P1-5
Removed Pin From Net: NetName=Solar+ Pin=P2-1
Removed Pin From Net: NetName=GND Pin=P2-2
Removed Pin From Net: NetName=VCC Pin=P3-1
Removed Pin From Net: NetName=GND Pin=P3-2
Removed Pin From Net: NetName=VDD Pin=P4-1
Removed Pin From Net: NetName=GND Pin=P4-2
Added Component: Designator=*(1x2 Header 1.27)
Added Component: Designator=*(1x2 Header 1.27)
Added Component: Designator=*(1x2 Header 1.27)
Added Component: Designator=*(1x5 Header 1.27)
Added Pin To Net: NetName=GND Pin=*-1
Added Pin To Net: NetName=GND Pin=*-1
Added Pin To Net: NetName=VCC Pin=*-1
Added Pin To Net: NetName=VDD Pin=*-1
Added Pin To Net: NetName=GND Pin=*-2
Added Pin To Net: NetName=GND Pin=*-2
Added Pin To Net: NetName=ICSP Pin=*-2
Added Pin To Net: NetName=Solar+ Pin=*-2
Added Pin To Net: NetName=VCC Pin=*-3
Added Pin To Net: NetName=ICSPCLK Pin=*-4
Added Pin To Net: NetName=ICSPDAT Pin=*-5
