Added Component: Designator=P8(Cell_pad_4mm_SM0.5mm)
Added Component: Designator=P9(Cell_pad_4mm_SM0.5mm)
Added Component: Designator=P10(Cell_pad_4mm_SM0.5mm)
Added Component: Designator=P11(Cell_pad_4mm_SM0.5mm)
Added Component: Designator=P12(EXEGER_IV_8_PIN_NO_STIFF_ISOL_0.4)
Added Component: Designator=P13(Customer_2022_solder_short_ISOL_0.4_S)
Added Component: Designator=P14(Customer_2022_solder_short_ISOL_0.4_S)
Added Pin To Net: NetName=N_3 Pin=P8-1
Added Pin To Net: NetName=N_3 Pin=P12-5
Added Pin To Net: NetName=N_3 Pin=P12-6
Added Pin To Net: NetName=N_3 Pin=P14-2
Added Net: Name=N_3
Added Pin To Net: NetName=N_4 Pin=P11-1
Added Pin To Net: NetName=N_4 Pin=P12-7
Added Pin To Net: NetName=N_4 Pin=P12-8
Added Pin To Net: NetName=N_4 Pin=P14-1
Added Net: Name=N_4
Added Pin To Net: NetName=P_3 Pin=P9-1
Added Pin To Net: NetName=P_3 Pin=P12-1
Added Pin To Net: NetName=P_3 Pin=P12-2
Added Pin To Net: NetName=P_3 Pin=P13-2
Added Net: Name=P_3
Added Pin To Net: NetName=P_4 Pin=P10-1
Added Pin To Net: NetName=P_4 Pin=P12-3
Added Pin To Net: NetName=P_4 Pin=P12-4
Added Pin To Net: NetName=P_4 Pin=P13-1
Added Net: Name=P_4
Added Class: Name=SCH_V1
Added Room: Name=SCH_V1
