Removed Pin From Net: NetName=P_2 Pin=*-1
Removed Pin From Net: NetName=P_4 Pin=*-2
Removed Pin From Net: NetName=P_3 Pin=*-3
Removed Pin From Net: NetName=P_1 Pin=*-4
Removed Pin From Net: NetName=P_Out Pin=*-5
Removed Pin From Net: NetName=N_3 Pin=*?-1
Removed Pin From Net: NetName=N_1 Pin=*?-2
Removed Pin From Net: NetName=N_2 Pin=*?-3
Removed Pin From Net: NetName=N_4 Pin=*?-4
Removed Pin From Net: NetName=N_Out Pin=*?-5
Added Component: Designator=1(4-To-1-Connector)
Added Component: Designator=2(4-To-1-Connector)
Added Pin To Net: NetName=P_2 Pin=1-1
Added Pin To Net: NetName=P_4 Pin=1-2
Added Pin To Net: NetName=P_3 Pin=1-3
Added Pin To Net: NetName=P_1 Pin=1-4
Added Pin To Net: NetName=P_Out Pin=1-5
Added Pin To Net: NetName=N_3 Pin=2-1
Added Pin To Net: NetName=N_1 Pin=2-2
Added Pin To Net: NetName=N_2 Pin=2-3
Added Pin To Net: NetName=N_4 Pin=2-4
Added Pin To Net: NetName=N_Out Pin=2-5
