Removed Pin From Net: NetName=P_2 Pin=P6-1
Removed Pin From Net: NetName=P_1 Pin=P6-2
Removed Pin From Net: NetName=N_2 Pin=P7-1
Removed Pin From Net: NetName=N_1 Pin=P7-2
Removed Pin From Net: NetName=P_4 Pin=P13-1
Removed Pin From Net: NetName=P_3 Pin=P13-2
Removed Pin From Net: NetName=N_4 Pin=P14-1
Removed Pin From Net: NetName=N_3 Pin=P14-2
Added Component: Designator=*?(4-To-1-Connector)
Added Component: Designator=*(4-To-1-Connector)
Added Pin To Net: NetName=P_1 Pin=*-1
Added Pin To Net: NetName=P_2 Pin=*-2
Added Pin To Net: NetName=P_3 Pin=*-3
Added Pin To Net: NetName=P_4 Pin=*-4
Added Pin To Net: NetName=N_1 Pin=*?-1
Added Pin To Net: NetName=N_2 Pin=*?-2
Added Pin To Net: NetName=N_3 Pin=*?-3
Added Pin To Net: NetName=N_4 Pin=*?-4
Added Pin To Net: NetName=P_Out Pin=*-5
Added Pin To Net: NetName=P_Out Pin=*?-5
Added Net: Name=P_Out
