Added Component: Designator=C3(CAP0402)
Add component (AddParameter): Name = "Manufacturer"; Value = ""; VariantName = "[No Variations]"
Add component (AddParameter): Name = "Manufacturer PN"; Value = ""; VariantName = "[No Variations]"
Add component (AddParameter): Name = "Package"; Value = "0402"; VariantName = "[No Variations]"
Add component (AddParameter): Name = "Specification"; Value = "18p/10V"; VariantName = "[No Variations]"
Added Component: Designator=C4(CAP0402)
Add component (AddParameter): Name = "Manufacturer"; Value = ""; VariantName = "[No Variations]"
Add component (AddParameter): Name = "Manufacturer PN"; Value = ""; VariantName = "[No Variations]"
Add component (AddParameter): Name = "Package"; Value = "0402"; VariantName = "[No Variations]"
Add component (AddParameter): Name = "Specification"; Value = "18p/10V"; VariantName = "[No Variations]"
Added Component: Designator=X2(ABM3B)
Add component (AddParameter): Name = "Manufacturer"; Value = "ABRACON"; VariantName = "[No Variations]"
Add component (AddParameter): Name = "Manufacturer PN"; Value = "ABM3B-8.000MHZ-B2-T"; VariantName = "[No Variations]"
Add component (AddParameter): Name = "Package"; Value = "SMD"; VariantName = "[No Variations]"
Add component (AddParameter): Name = "Specification"; Value = "8 MHz"; VariantName = "[No Variations]"
Added Pin To Net: NetName=GND Pin=C3-1
Added Pin To Net: NetName=GND Pin=C4-1
Added Pin To Net: NetName=GND Pin=X2-2
Added Pin To Net: NetName=GND Pin=X2-4
Added Pin To Net: NetName=NetC3_2 Pin=C3-2
Added Pin To Net: NetName=NetC3_2 Pin=U1-5
Added Pin To Net: NetName=NetC3_2 Pin=X2-1
Added Net: Name=NetC3_2
Added Pin To Net: NetName=NetC4_2 Pin=C4-2
Added Pin To Net: NetName=NetC4_2 Pin=U1-6
Added Pin To Net: NetName=NetC4_2 Pin=X2-3
Added Net: Name=NetC4_2
