Added Component: Designator=P1(HDR2X2)
Add component (AddParameter): Name = "LatestRevisionDate"; Value = "17-Jul-2002"; VariantName = "[No Variations]"
Add component (AddParameter): Name = "LatestRevisionNote"; Value = "Re-released for DXP Platform."; VariantName = "[No Variations]"
Add component (AddParameter): Name = "Publisher"; Value = "Altium Limited"; VariantName = "[No Variations]"
Added Component: Designator=P2(HDR1X4)
Add component (AddParameter): Name = "LatestRevisionDate"; Value = "17-Jul-2002"; VariantName = "[No Variations]"
Add component (AddParameter): Name = "LatestRevisionNote"; Value = "Re-released for DXP Platform."; VariantName = "[No Variations]"
Add component (AddParameter): Name = "Publisher"; Value = "Altium Limited"; VariantName = "[No Variations]"
Added Component: Designator=P3(HDR2X2)
Add component (AddParameter): Name = "LatestRevisionDate"; Value = "17-Jul-2002"; VariantName = "[No Variations]"
Add component (AddParameter): Name = "LatestRevisionNote"; Value = "Re-released for DXP Platform."; VariantName = "[No Variations]"
Add component (AddParameter): Name = "Publisher"; Value = "Altium Limited"; VariantName = "[No Variations]"
Added Pin To Net: NetName=Coin1_Force Pin=P1-1
Added Pin To Net: NetName=Coin1_Force Pin=P1-3
Added Pin To Net: NetName=Coin1_Force Pin=P2-1
Added Net: Name=Coin1_Force
Added Pin To Net: NetName=Coin1_Sense Pin=P1-2
Added Pin To Net: NetName=Coin1_Sense Pin=P1-4
Added Pin To Net: NetName=Coin1_Sense Pin=P2-2
Added Net: Name=Coin1_Sense
Added Pin To Net: NetName=Coin2_Force Pin=P2-3
Added Pin To Net: NetName=Coin2_Force Pin=P3-1
Added Pin To Net: NetName=Coin2_Force Pin=P3-3
Added Net: Name=Coin2_Force
Added Pin To Net: NetName=Coin2_Sense Pin=P2-4
Added Pin To Net: NetName=Coin2_Sense Pin=P3-2
Added Pin To Net: NetName=Coin2_Sense Pin=P3-4
Added Net: Name=Coin2_Sense
Added Class: Name=IV_PogopinConnector
Added Room: Name=IV_PogopinConnector
