Removed Member From Class: ClassName=Designator Member=*
Removed Member From Class: ClassName=Designator Member=C2
Removed Member From Class: ClassName=Designator Member=C3
Removed Member From Class: ClassName=Designator Member=C4
Removed Member From Class: ClassName=Designator Member=C5
Removed Member From Class: ClassName=Designator Member=C6
Removed Member From Class: ClassName=Designator Member=C7
Removed Member From Class: ClassName=Designator Member=C8
Removed Member From Class: ClassName=Designator Member=C9
Removed Member From Class: ClassName=Designator Member=C21
Removed Member From Class: ClassName=Designator Member=C22
Removed Member From Class: ClassName=Designator Member=C23
Removed Member From Class: ClassName=Designator Member=C24
Removed Member From Class: ClassName=Designator Member=C25
Removed Member From Class: ClassName=Designator Member=C26
Removed Member From Class: ClassName=Designator Member=C27
Removed Member From Class: ClassName=Designator Member=C28
Removed Member From Class: ClassName=Designator Member=C29
Removed Member From Class: ClassName=Designator Member=C30
Removed Member From Class: ClassName=Designator Member=C31
Removed Member From Class: ClassName=Designator Member=C32
Removed Member From Class: ClassName=Designator Member=C33
Removed Member From Class: ClassName=Designator Member=C34
Removed Member From Class: ClassName=Designator Member=C35
Removed Member From Class: ClassName=Designator Member=C36
Removed Member From Class: ClassName=Designator Member=C37
Removed Member From Class: ClassName=Designator Member=C38
Removed Member From Class: ClassName=Designator Member=C39
Removed Member From Class: ClassName=Designator Member=C40
Removed Member From Class: ClassName=Designator Member=C41
Removed Member From Class: ClassName=Designator Member=C42
Removed Member From Class: ClassName=Designator Member=C48
Removed Member From Class: ClassName=Designator Member=C49
Removed Member From Class: ClassName=Designator Member=C50
Removed Member From Class: ClassName=Designator Member=C51
Removed Member From Class: ClassName=Designator Member=C52
Removed Member From Class: ClassName=Designator Member=C53
Removed Member From Class: ClassName=Designator Member=C54
Removed Member From Class: ClassName=Designator Member=C55
Removed Member From Class: ClassName=Designator Member=C56
Removed Member From Class: ClassName=Designator Member=C57
Removed Member From Class: ClassName=Designator Member=C62
Removed Member From Class: ClassName=Designator Member=C63
Removed Member From Class: ClassName=Designator Member=C64
Removed Member From Class: ClassName=Designator Member=C65
Removed Member From Class: ClassName=Designator Member=C66
Removed Member From Class: ClassName=Designator Member=C67
Removed Member From Class: ClassName=Designator Member=C68
Removed Member From Class: ClassName=Designator Member=C69
Removed Member From Class: ClassName=Designator Member=C70
Removed Member From Class: ClassName=Designator Member=C71
Removed Member From Class: ClassName=Designator Member=C72
Removed Member From Class: ClassName=Designator Member=C73
Removed Member From Class: ClassName=Designator Member=C74
Removed Member From Class: ClassName=Designator Member=C75
Removed Member From Class: ClassName=Designator Member=C76
Removed Member From Class: ClassName=Designator Member=C77
Removed Member From Class: ClassName=Designator Member=C78
Removed Member From Class: ClassName=Designator Member=C79
Removed Member From Class: ClassName=Designator Member=C80
Removed Member From Class: ClassName=Designator Member=C81
Removed Member From Class: ClassName=Designator Member=C82
Removed Member From Class: ClassName=Designator Member=C83
Removed Member From Class: ClassName=Designator Member=C84
Removed Member From Class: ClassName=Designator Member=C85
Removed Member From Class: ClassName=Designator Member=C86
Removed Member From Class: ClassName=Designator Member=C87
Removed Member From Class: ClassName=Designator Member=C88
Removed Member From Class: ClassName=Designator Member=C89
Removed Member From Class: ClassName=Designator Member=C90
Removed Member From Class: ClassName=Designator Member=C91
Removed Member From Class: ClassName=Designator Member=C92
Removed Member From Class: ClassName=Designator Member=C93
Removed Member From Class: ClassName=Designator Member=C?
Removed Member From Class: ClassName=Designator Member=D2
Removed Member From Class: ClassName=Designator Member=D5
Removed Member From Class: ClassName=Designator Member=D13
Removed Member From Class: ClassName=Designator Member=D14
Removed Member From Class: ClassName=Designator Member=D15
Removed Member From Class: ClassName=Designator Member=D16
Removed Member From Class: ClassName=Designator Member=D17
Removed Member From Class: ClassName=Designator Member=D18
Removed Member From Class: ClassName=Designator Member=D19
Removed Member From Class: ClassName=Designator Member=D20
Removed Member From Class: ClassName=Designator Member=D21
Removed Member From Class: ClassName=Designator Member=D22
Removed Member From Class: ClassName=Designator Member=IC1
Removed Member From Class: ClassName=Designator Member=IC2
Removed Member From Class: ClassName=Designator Member=J1
Removed Member From Class: ClassName=Designator Member=L1
Removed Member From Class: ClassName=Designator Member=L2
Removed Member From Class: ClassName=Designator Member=L4
Removed Member From Class: ClassName=Designator Member=L5
Removed Member From Class: ClassName=Designator Member=L6
Removed Member From Class: ClassName=Designator Member=L7
Removed Member From Class: ClassName=Designator Member=P1
Removed Member From Class: ClassName=Designator Member=P2
Removed Member From Class: ClassName=Designator Member=P6
Removed Member From Class: ClassName=Designator Member=P7
Removed Member From Class: ClassName=Designator Member=P8
Removed Member From Class: ClassName=Designator Member=P9
Removed Member From Class: ClassName=Designator Member=P10
Removed Member From Class: ClassName=Designator Member=PPTC1
Removed Member From Class: ClassName=Designator Member=Q1
Removed Member From Class: ClassName=Designator Member=Q3
Removed Member From Class: ClassName=Designator Member=Q6
Removed Member From Class: ClassName=Designator Member=Q7
Removed Member From Class: ClassName=Designator Member=Q8
Removed Member From Class: ClassName=Designator Member=R1
Removed Member From Class: ClassName=Designator Member=R2
Removed Member From Class: ClassName=Designator Member=R3
Removed Member From Class: ClassName=Designator Member=R4
Removed Member From Class: ClassName=Designator Member=R5
Removed Member From Class: ClassName=Designator Member=R6
Removed Member From Class: ClassName=Designator Member=R7
Removed Member From Class: ClassName=Designator Member=R8
Removed Member From Class: ClassName=Designator Member=R9
Removed Member From Class: ClassName=Designator Member=R10
Removed Member From Class: ClassName=Designator Member=R11
Removed Member From Class: ClassName=Designator Member=R12
Removed Member From Class: ClassName=Designator Member=R13
Removed Member From Class: ClassName=Designator Member=R14
Removed Member From Class: ClassName=Designator Member=R15
Removed Member From Class: ClassName=Designator Member=R16
Removed Member From Class: ClassName=Designator Member=R17
Removed Member From Class: ClassName=Designator Member=R29
Removed Member From Class: ClassName=Designator Member=R30
Removed Member From Class: ClassName=Designator Member=R31
Removed Member From Class: ClassName=Designator Member=R32
Removed Member From Class: ClassName=Designator Member=R33
Removed Member From Class: ClassName=Designator Member=R34
Removed Member From Class: ClassName=Designator Member=R35
Removed Member From Class: ClassName=Designator Member=R36
Removed Member From Class: ClassName=Designator Member=R37
Removed Member From Class: ClassName=Designator Member=R38
Removed Member From Class: ClassName=Designator Member=R39
Removed Member From Class: ClassName=Designator Member=R40
Removed Member From Class: ClassName=Designator Member=R54
Removed Member From Class: ClassName=Designator Member=R55
Removed Member From Class: ClassName=Designator Member=R56
Removed Member From Class: ClassName=Designator Member=R57
Removed Member From Class: ClassName=Designator Member=R58
Removed Member From Class: ClassName=Designator Member=R59
Removed Member From Class: ClassName=Designator Member=R60
Removed Member From Class: ClassName=Designator Member=R61
Removed Member From Class: ClassName=Designator Member=R62
Removed Member From Class: ClassName=Designator Member=R63
Removed Member From Class: ClassName=Designator Member=R64
Removed Member From Class: ClassName=Designator Member=R65
Removed Member From Class: ClassName=Designator Member=R66
Removed Member From Class: ClassName=Designator Member=R67
Removed Member From Class: ClassName=Designator Member=R68
Removed Member From Class: ClassName=Designator Member=U2
Removed Member From Class: ClassName=Designator Member=U3
Removed Member From Class: ClassName=Designator Member=U4
Removed Member From Class: ClassName=Designator Member=U5
Removed Member From Class: ClassName=Designator Member=U6
Removed Member From Class: ClassName=Designator Member=U8
Removed Member From Class: ClassName=Designator Member=U9
Removed Member From Class: ClassName=Designator Member=U10
Removed Member From Class: ClassName=Designator Member=U11
Removed Member From Class: ClassName=Designator Member=U12
Removed Member From Class: ClassName=Designator Member=U14
Removed Member From Class: ClassName=Designator Member=U15
Removed Member From Class: ClassName=Designator Member=U16
Removed Member From Class: ClassName=Designator Member=U18
Removed Member From Class: ClassName=Designator Member=U19
Removed Member From Class: ClassName=Designator Member=U?
Change Room Name: Old Name=Designator_6 New Name=Designator
Change Room Name: Old Name=Designator_5 New Name=Designator
Change Room Name: Old Name=Designator_4 New Name=Designator
Added Room: Name=Designator
Added Room: Name=Designator
Added Room: Name=Designator
