Removed Pin From Net: NetName=USBVDD Pin=C41-2
Removed Pin From Net: NetName=GND Pin=Q2-2
Removed Pin From Net: NetName=VBAT Pin=R22-2
Removed Pin From Net: NetName=GND Pin=R25-1
Removed Pin From Net: NetName=LED_Green Pin=U1-44
Removed Pin From Net: NetName=LED_Red Pin=U1-45
Removed Pin From Net: NetName=USBVDD Pin=U15-1
Added Pin To Net: NetName=LED_Green Pin=U1-8
Added Pin To Net: NetName=LED_Red Pin=U1-9
Change Net Name : Old Net Name=USBVDD New Net Name=NetP7_1
Added Pin To Net: NetName=NetP7_2 Pin=P7-2
Added Pin To Net: NetName=NetP7_2 Pin=U19-3
Added Net: Name=NetP7_2
Added Pin To Net: NetName=NetP7_3 Pin=P7-3
Added Pin To Net: NetName=NetP7_3 Pin=U19-4
Added Net: Name=NetP7_3
Added Pin To Net: NetName=NetU1_44 Pin=U1-44
Added Pin To Net: NetName=NetU1_44 Pin=U19-1
Added Net: Name=NetU1_44
Added Pin To Net: NetName=NetU1_45 Pin=U1-45
Added Pin To Net: NetName=NetU1_45 Pin=U19-6
Added Net: Name=NetU1_45
Added Pin To Net: NetName=USBVDD Pin=C41-2
Added Pin To Net: NetName=USBVDD Pin=U15-1
Added Net: Name=USBVDD
