Added Component: Designator=C21(0402)
Add component (AddParameter): Name = "LatestRevisionDate"; Value = "17-Jul-2002"; VariantName = "[No Variations]"
Add component (AddParameter): Name = "LatestRevisionNote"; Value = "Re-released for DXP Platform."; VariantName = "[No Variations]"
Add component (AddParameter): Name = "PackageDescription"; Value = "Radial Cap, Thru-Hole; 2 Leads; 0.3 in Pin Spacing"; VariantName = "[No Variations]"
Add component (AddParameter): Name = "PackageReference"; Value = "RAD-0.3"; VariantName = "[No Variations]"
Add component (AddParameter): Name = "Published"; Value = "8-Jun-2000"; VariantName = "[No Variations]"
Add component (AddParameter): Name = "Publisher"; Value = "Altium Limited"; VariantName = "[No Variations]"
Add component (AddParameter): Name = "Value"; Value = "100nF"; VariantName = "[No Variations]"
Added Component: Designator=C22(0402)
Add component (AddParameter): Name = "LatestRevisionDate"; Value = "17-Jul-2002"; VariantName = "[No Variations]"
Add component (AddParameter): Name = "LatestRevisionNote"; Value = "Re-released for DXP Platform."; VariantName = "[No Variations]"
Add component (AddParameter): Name = "PackageDescription"; Value = "Radial Cap, Thru-Hole; 2 Leads; 0.3 in Pin Spacing"; VariantName = "[No Variations]"
Add component (AddParameter): Name = "PackageReference"; Value = "RAD-0.3"; VariantName = "[No Variations]"
Add component (AddParameter): Name = "Published"; Value = "8-Jun-2000"; VariantName = "[No Variations]"
Add component (AddParameter): Name = "Publisher"; Value = "Altium Limited"; VariantName = "[No Variations]"
Add component (AddParameter): Name = "Value"; Value = "100nF"; VariantName = "[No Variations]"
Added Component: Designator=C23(0402)
Add component (AddParameter): Name = "LatestRevisionDate"; Value = "17-Jul-2002"; VariantName = "[No Variations]"
Add component (AddParameter): Name = "LatestRevisionNote"; Value = "Re-released for DXP Platform."; VariantName = "[No Variations]"
Add component (AddParameter): Name = "PackageDescription"; Value = "Radial Cap, Thru-Hole; 2 Leads; 0.3 in Pin Spacing"; VariantName = "[No Variations]"
Add component (AddParameter): Name = "PackageReference"; Value = "RAD-0.3"; VariantName = "[No Variations]"
Add component (AddParameter): Name = "Published"; Value = "8-Jun-2000"; VariantName = "[No Variations]"
Add component (AddParameter): Name = "Publisher"; Value = "Altium Limited"; VariantName = "[No Variations]"
Add component (AddParameter): Name = "Value"; Value = "100nF"; VariantName = "[No Variations]"
Added Component: Designator=C24(0402)
Add component (AddParameter): Name = "LatestRevisionDate"; Value = "17-Jul-2002"; VariantName = "[No Variations]"
Add component (AddParameter): Name = "LatestRevisionNote"; Value = "Re-released for DXP Platform."; VariantName = "[No Variations]"
Add component (AddParameter): Name = "PackageDescription"; Value = "Radial Cap, Thru-Hole; 2 Leads; 0.3 in Pin Spacing"; VariantName = "[No Variations]"
Add component (AddParameter): Name = "PackageReference"; Value = "RAD-0.3"; VariantName = "[No Variations]"
Add component (AddParameter): Name = "Published"; Value = "8-Jun-2000"; VariantName = "[No Variations]"
Add component (AddParameter): Name = "Publisher"; Value = "Altium Limited"; VariantName = "[No Variations]"
Add component (AddParameter): Name = "Value"; Value = "100nF"; VariantName = "[No Variations]"
Added Component: Designator=C25(0402)
Add component (AddParameter): Name = "LatestRevisionDate"; Value = "17-Jul-2002"; VariantName = "[No Variations]"
Add component (AddParameter): Name = "LatestRevisionNote"; Value = "Re-released for DXP Platform."; VariantName = "[No Variations]"
Add component (AddParameter): Name = "PackageDescription"; Value = "Radial Cap, Thru-Hole; 2 Leads; 0.3 in Pin Spacing"; VariantName = "[No Variations]"
Add component (AddParameter): Name = "PackageReference"; Value = "RAD-0.3"; VariantName = "[No Variations]"
Add component (AddParameter): Name = "Published"; Value = "8-Jun-2000"; VariantName = "[No Variations]"
Add component (AddParameter): Name = "Publisher"; Value = "Altium Limited"; VariantName = "[No Variations]"
Add component (AddParameter): Name = "Value"; Value = "100nF"; VariantName = "[No Variations]"
Added Component: Designator=C26(0402)
Add component (AddParameter): Name = "LatestRevisionDate"; Value = "17-Jul-2002"; VariantName = "[No Variations]"
Add component (AddParameter): Name = "LatestRevisionNote"; Value = "Re-released for DXP Platform."; VariantName = "[No Variations]"
Add component (AddParameter): Name = "PackageDescription"; Value = "Radial Cap, Thru-Hole; 2 Leads; 0.3 in Pin Spacing"; VariantName = "[No Variations]"
Add component (AddParameter): Name = "PackageReference"; Value = "RAD-0.3"; VariantName = "[No Variations]"
Add component (AddParameter): Name = "Published"; Value = "8-Jun-2000"; VariantName = "[No Variations]"
Add component (AddParameter): Name = "Publisher"; Value = "Altium Limited"; VariantName = "[No Variations]"
Add component (AddParameter): Name = "Value"; Value = "100nF"; VariantName = "[No Variations]"
Added Component: Designator=C27(0603)
Add component (AddParameter): Name = "LatestRevisionDate"; Value = "17-Jul-2002"; VariantName = "[No Variations]"
Add component (AddParameter): Name = "LatestRevisionNote"; Value = "Re-released for DXP Platform."; VariantName = "[No Variations]"
Add component (AddParameter): Name = "PackageDescription"; Value = "Radial Cap, Thru-Hole; 2 Leads; 0.3 in Pin Spacing"; VariantName = "[No Variations]"
Add component (AddParameter): Name = "PackageReference"; Value = "RAD-0.3"; VariantName = "[No Variations]"
Add component (AddParameter): Name = "Published"; Value = "8-Jun-2000"; VariantName = "[No Variations]"
Add component (AddParameter): Name = "Publisher"; Value = "Altium Limited"; VariantName = "[No Variations]"
Add component (AddParameter): Name = "Value"; Value = "100nF"; VariantName = "[No Variations]"
Added Component: Designator=C28(0603)
Add component (AddParameter): Name = "LatestRevisionDate"; Value = "17-Jul-2002"; VariantName = "[No Variations]"
Add component (AddParameter): Name = "LatestRevisionNote"; Value = "Re-released for DXP Platform."; VariantName = "[No Variations]"
Add component (AddParameter): Name = "PackageDescription"; Value = "Radial Cap, Thru-Hole; 2 Leads; 0.3 in Pin Spacing"; VariantName = "[No Variations]"
Add component (AddParameter): Name = "PackageReference"; Value = "RAD-0.3"; VariantName = "[No Variations]"
Add component (AddParameter): Name = "Published"; Value = "8-Jun-2000"; VariantName = "[No Variations]"
Add component (AddParameter): Name = "Publisher"; Value = "Altium Limited"; VariantName = "[No Variations]"
Add component (AddParameter): Name = "Value"; Value = "100nF"; VariantName = "[No Variations]"
Added Component: Designator=LOGO1(LOGO2)
Added Component: Designator=P2(Sim-card Holder)
Added Component: Designator=R3(0402)
Add component (AddParameter): Name = "LatestRevisionDate"; Value = "17-Jul-2002"; VariantName = "[No Variations]"
Add component (AddParameter): Name = "LatestRevisionNote"; Value = "Re-released for DXP Platform."; VariantName = "[No Variations]"
Add component (AddParameter): Name = "PackageDescription"; Value = "Axial Device, Thru-Hole; 2 Leads; 0.4 in Pin Spacing"; VariantName = "[No Variations]"
Add component (AddParameter): Name = "PackageReference"; Value = "AXIAL-0.4"; VariantName = "[No Variations]"
Add component (AddParameter): Name = "Published"; Value = "8-Jun-2000"; VariantName = "[No Variations]"
Add component (AddParameter): Name = "Publisher"; Value = "Altium Limited"; VariantName = "[No Variations]"
Add component (AddParameter): Name = "Value"; Value = "10"; VariantName = "[No Variations]"
Added Component: Designator=R4(0402)
Add component (AddParameter): Name = "LatestRevisionDate"; Value = "17-Jul-2002"; VariantName = "[No Variations]"
Add component (AddParameter): Name = "LatestRevisionNote"; Value = "Re-released for DXP Platform."; VariantName = "[No Variations]"
Add component (AddParameter): Name = "PackageDescription"; Value = "Axial Device, Thru-Hole; 2 Leads; 0.4 in Pin Spacing"; VariantName = "[No Variations]"
Add component (AddParameter): Name = "PackageReference"; Value = "AXIAL-0.4"; VariantName = "[No Variations]"
Add component (AddParameter): Name = "Published"; Value = "8-Jun-2000"; VariantName = "[No Variations]"
Add component (AddParameter): Name = "Publisher"; Value = "Altium Limited"; VariantName = "[No Variations]"
Add component (AddParameter): Name = "Value"; Value = "5.1"; VariantName = "[No Variations]"
Added Component: Designator=R5(0805)
Add component (AddParameter): Name = "LatestRevisionDate"; Value = "17-Jul-2002"; VariantName = "[No Variations]"
Add component (AddParameter): Name = "LatestRevisionNote"; Value = "Re-released for DXP Platform."; VariantName = "[No Variations]"
Add component (AddParameter): Name = "PackageDescription"; Value = "Axial Device, Thru-Hole; 2 Leads; 0.4 in Pin Spacing"; VariantName = "[No Variations]"
Add component (AddParameter): Name = "PackageReference"; Value = "AXIAL-0.4"; VariantName = "[No Variations]"
Add component (AddParameter): Name = "Published"; Value = "8-Jun-2000"; VariantName = "[No Variations]"
Add component (AddParameter): Name = "Publisher"; Value = "Altium Limited"; VariantName = "[No Variations]"
Add component (AddParameter): Name = "Value"; Value = "2"; VariantName = "[No Variations]"
Added Component: Designator=R6(0402)
Add component (AddParameter): Name = "LatestRevisionDate"; Value = "17-Jul-2002"; VariantName = "[No Variations]"
Add component (AddParameter): Name = "LatestRevisionNote"; Value = "Re-released for DXP Platform."; VariantName = "[No Variations]"
Add component (AddParameter): Name = "PackageDescription"; Value = "Axial Device, Thru-Hole; 2 Leads; 0.4 in Pin Spacing"; VariantName = "[No Variations]"
Add component (AddParameter): Name = "PackageReference"; Value = "AXIAL-0.4"; VariantName = "[No Variations]"
Add component (AddParameter): Name = "Published"; Value = "8-Jun-2000"; VariantName = "[No Variations]"
Add component (AddParameter): Name = "Publisher"; Value = "Altium Limited"; VariantName = "[No Variations]"
Add component (AddParameter): Name = "Value"; Value = "5.1"; VariantName = "[No Variations]"
Added Pin To Net: NetName=GND Pin=C21-1
Added Pin To Net: NetName=GND Pin=C23-1
Added Pin To Net: NetName=GND Pin=C24-1
Added Pin To Net: NetName=GND Pin=C25-1
Added Pin To Net: NetName=GND Pin=C26-1
Added Pin To Net: NetName=GND Pin=C27-1
Added Pin To Net: NetName=GND Pin=C28-1
Added Pin To Net: NetName=GND Pin=IC1-1
Added Pin To Net: NetName=GND Pin=IC1-2
Added Pin To Net: NetName=GND Pin=IC1-7
Added Pin To Net: NetName=GND Pin=P2-C5
Added Pin To Net: NetName=GND Pin=U5-1
Added Pin To Net: NetName=GND Pin=U5-3
Added Pin To Net: NetName=GND Pin=U5-5
Added Pin To Net: NetName=GND Pin=U5-14
Added Pin To Net: NetName=GND Pin=U5-20
Added Pin To Net: NetName=GND Pin=U5-21
Added Pin To Net: NetName=GND Pin=U5-22
Added Pin To Net: NetName=GND Pin=U5-30
Added Pin To Net: NetName=GND Pin=U5-32
Added Pin To Net: NetName=GND Pin=U5-43
Added Pin To Net: NetName=GND Pin=U5-50
Added Pin To Net: NetName=GND Pin=U5-54
Added Pin To Net: NetName=GND Pin=U5-55
Added Pin To Net: NetName=GND Pin=U5-57
Added Pin To Net: NetName=GND Pin=U5-58
Added Pin To Net: NetName=GND Pin=U5-59
Added Pin To Net: NetName=GND Pin=U5-60
Added Pin To Net: NetName=GND Pin=U5-61
Added Pin To Net: NetName=GND Pin=U5-63
Added Pin To Net: NetName=GND Pin=U5-64
Added Pin To Net: NetName=GND Pin=U5-65
Added Pin To Net: NetName=GND Pin=U5-66
Added Pin To Net: NetName=GND Pin=U5-67
Added Pin To Net: NetName=GND Pin=U5-68
Added Pin To Net: NetName=GND Pin=U5-69
Added Pin To Net: NetName=GND Pin=U5-70
Added Pin To Net: NetName=GND Pin=U5-71
Added Pin To Net: NetName=GND Pin=U5-72
Added Pin To Net: NetName=GND Pin=U5-73
Added Pin To Net: NetName=GND Pin=U5-74
Added Pin To Net: NetName=GND Pin=U5-75
Added Pin To Net: NetName=GND Pin=U5-76
Added Pin To Net: NetName=GND Pin=U5-77
Added Pin To Net: NetName=GND Pin=U5-78
Added Pin To Net: NetName=GND Pin=U5-79
Added Pin To Net: NetName=GND Pin=U5-80
Added Pin To Net: NetName=GND Pin=U5-81
Added Pin To Net: NetName=GND Pin=U5-82
Added Pin To Net: NetName=GND Pin=U5-83
Added Pin To Net: NetName=GND Pin=U5-84
Added Pin To Net: NetName=GND Pin=U5-85
Added Pin To Net: NetName=GND Pin=U5-86
Added Pin To Net: NetName=GND Pin=U5-87
Added Pin To Net: NetName=GND Pin=U5-88
Added Pin To Net: NetName=GND Pin=U5-89
Added Pin To Net: NetName=GND Pin=U5-90
Added Pin To Net: NetName=GND Pin=U5-91
Added Pin To Net: NetName=GND Pin=U5-92
Added Pin To Net: NetName=GND Pin=U5-93
Added Pin To Net: NetName=GND Pin=U5-94
Added Pin To Net: NetName=GND Pin=U5-95
Added Pin To Net: NetName=GND Pin=U5-96
Change Net Name : Old Net Name=+3V New Net Name=VDD
Added Pin To Net: NetName=NetC22_1 Pin=C22-1
Added Pin To Net: NetName=NetC22_1 Pin=IC1-9
Added Pin To Net: NetName=NetC22_1 Pin=R6-1
Added Net: Name=NetC22_1
Added Pin To Net: NetName=NetC22_2 Pin=C22-2
Added Pin To Net: NetName=NetC22_2 Pin=IC1-10
Added Pin To Net: NetName=NetC22_2 Pin=R4-1
Added Net: Name=NetC22_2
Added Pin To Net: NetName=NetIC1_4 Pin=IC1-4
Added Net: Name=NetIC1_4
Added Pin To Net: NetName=NetIC1_5 Pin=IC1-5
Added Net: Name=NetIC1_5
Added Pin To Net: NetName=NetIC1_8 Pin=IC1-8
Added Pin To Net: NetName=NetIC1_8 Pin=R3-1
Added Net: Name=NetIC1_8
Added Pin To Net: NetName=NetStatus Pin=U5-16
Added Net: Name=NetStatus
Added Pin To Net: NetName=SIM_CLK Pin=P2-C3
Added Pin To Net: NetName=SIM_CLK Pin=U5-38
Added Net: Name=SIM_CLK
Added Pin To Net: NetName=SIM_IO Pin=P2-C7
Added Pin To Net: NetName=SIM_IO Pin=U5-39
Added Net: Name=SIM_IO
Added Pin To Net: NetName=SIM_RST Pin=P2-C2
Added Pin To Net: NetName=SIM_RST Pin=U5-40
Added Net: Name=SIM_RST
Added Pin To Net: NetName=VBAT Pin=R3-2
Added Pin To Net: NetName=VBAT Pin=R5-1
Added Pin To Net: NetName=VBAT Pin=R6-2
Added Net: Name=VBAT
Added Pin To Net: NetName=VDD_Sara Pin=C23-2
Added Pin To Net: NetName=VDD_Sara Pin=C24-2
Added Pin To Net: NetName=VDD_Sara Pin=C25-2
Added Pin To Net: NetName=VDD_Sara Pin=C26-2
Added Pin To Net: NetName=VDD_Sara Pin=C27-2
Added Pin To Net: NetName=VDD_Sara Pin=C28-2
Added Pin To Net: NetName=VDD_Sara Pin=U5-51
Added Pin To Net: NetName=VDD_Sara Pin=U5-52
Added Pin To Net: NetName=VDD_Sara Pin=U5-53
Added Net: Name=VDD_Sara
Added Pin To Net: NetName=VDD_Sensor Pin=C21-2
Added Pin To Net: NetName=VDD_Sensor Pin=IC1-6
Added Net: Name=VDD_Sensor
Added Pin To Net: NetName=VSIM Pin=P2-C1
Added Pin To Net: NetName=VSIM Pin=U5-41
Added Net: Name=VSIM
Added Member To Class: ClassName=Designator Member=Component C23 Cap_0402
Added Member To Class: ClassName=Designator Member=Component C24 Cap_0402
Added Member To Class: ClassName=Designator Member=Component C25 Cap_0402
Added Member To Class: ClassName=Designator Member=Component C26 Cap_0402
Added Member To Class: ClassName=Designator Member=Component C27 Cap_0603
Added Member To Class: ClassName=Designator Member=Component C28 Cap_0603
Added Member To Class: ClassName=Designator Member=Component P2 Sim-card Holder
Change Room Name: Old Name=Designator_1 New Name=Designator
