Removed Pin From Net: NetName=GND Pin=P9-1
Removed Pin From Net: NetName=GND Pin=P9-2
Removed Pin From Net: NetName=GDR Pin=P9-4
Removed Pin From Net: NetName=RESE Pin=P9-5
Removed Pin From Net: NetName=NetC80_2 Pin=P9-6
Removed Pin From Net: NetName=NetC81_2 Pin=P9-7
Removed Pin From Net: NetName=BS Pin=P9-10
Removed Pin From Net: NetName=BUSY Pin=P9-11
Removed Pin From Net: NetName=D/C Pin=P9-13
Removed Pin From Net: NetName=CS Pin=P9-14
Removed Pin From Net: NetName=SPI_SCK_Screen Pin=P9-15
Removed Pin From Net: NetName=SPI_MOSI_Screen Pin=P9-16
Removed Pin From Net: NetName=VDD_Screen Pin=P9-17
Removed Pin From Net: NetName=VDD_Screen Pin=P9-18
Removed Pin From Net: NetName=GND Pin=P9-19
Removed Pin From Net: NetName=NetC85_2 Pin=P9-20
Removed Pin From Net: NetName=NetC86_2 Pin=P9-21
Removed Pin From Net: NetName=NetC87_2 Pin=P9-22
Removed Pin From Net: NetName=PREVGH Pin=P9-23
Removed Pin From Net: NetName=NetC89_2 Pin=P9-24
Removed Pin From Net: NetName=PREVGL Pin=P9-25
Removed Pin From Net: NetName=NetC91_2 Pin=P9-26
Added Pin To Net: NetName=NetC91_2 Pin=P9-1
Added Pin To Net: NetName=PREVGL Pin=P9-2
Added Pin To Net: NetName=NetC89_2 Pin=P9-3
Added Pin To Net: NetName=PREVGH Pin=P9-4
Added Pin To Net: NetName=NetC87_2 Pin=P9-5
Added Pin To Net: NetName=NetC86_2 Pin=P9-6
Added Pin To Net: NetName=NetC85_2 Pin=P9-7
Added Pin To Net: NetName=GND Pin=P9-8
Added Pin To Net: NetName=VDD_Screen Pin=P9-9
Added Pin To Net: NetName=VDD_Screen Pin=P9-10
Added Pin To Net: NetName=SPI_MOSI_Screen Pin=P9-11
Added Pin To Net: NetName=SPI_SCK_Screen Pin=P9-12
Added Pin To Net: NetName=CS Pin=P9-13
Added Pin To Net: NetName=D/C Pin=P9-14
Added Pin To Net: NetName=BUSY Pin=P9-16
Added Pin To Net: NetName=BS Pin=P9-17
Added Pin To Net: NetName=NetC81_2 Pin=P9-20
Added Pin To Net: NetName=NetC80_2 Pin=P9-21
Added Pin To Net: NetName=RESE Pin=P9-22
Added Pin To Net: NetName=GDR Pin=P9-23
Added Pin To Net: NetName=GND Pin=P9-25
Added Pin To Net: NetName=GND Pin=P9-26
