Removed Pin From Net: NetName=VCC Pin=D1-2
Removed Pin From Net: NetName=PREVGL Pin=D4-1
Removed Pin From Net: NetName=NetC79_1 Pin=D4-2
Removed Pin From Net: NetName=NetC79_1 Pin=D21-1
Removed Pin From Net: NetName=GND Pin=D21-2
Removed Pin From Net: NetName=NetC79_2 Pin=D22-1
Removed Pin From Net: NetName=PREVGH Pin=D22-2
Removed Pin From Net: NetName=NetD1_1 Pin=L1-2
Removed Pin From Net: NetName=NetD1_1 Pin=Q1-3
Removed Pin From Net: NetName=NetD3_1 Pin=R8-2
Removed Pin From Net: NetName=NetD16_2 Pin=R27-2
Removed Pin From Net: NetName=NetD18_2 Pin=R51-2
Removed Pin From Net: NetName=NetD19_2 Pin=R52-2
Removed Pin From Net: NetName=NetD2_2 Pin=U15-5
Added Component: Designator=D2(SOD-923)
Add component (AddParameter): Name = "LatestRevisionDate"; Value = "08-Jul-2005"; VariantName = "[No Variations]"
Add component (AddParameter): Name = "LatestRevisionNote"; Value = "Mech Layer 1 removed."; VariantName = "[No Variations]"
Add component (AddParameter): Name = "PackageDescription"; Value = "LED; 2 Leads"; VariantName = "[No Variations]"
Add component (AddParameter): Name = "PackageReference"; Value = "LED-0"; VariantName = "[No Variations]"
Add component (AddParameter): Name = "Published"; Value = "8-Jun-2000"; VariantName = "[No Variations]"
Add component (AddParameter): Name = "Publisher"; Value = "Altium Limited"; VariantName = "[No Variations]"
Added Component: Designator=D20(SOD-123)
Add component (AddParameter): Name = "LatestRevisionDate"; Value = "08-Jul-2005"; VariantName = "[No Variations]"
Add component (AddParameter): Name = "LatestRevisionNote"; Value = "Mech Layer 1 removed."; VariantName = "[No Variations]"
Add component (AddParameter): Name = "PackageDescription"; Value = "LED; 2 Leads"; VariantName = "[No Variations]"
Add component (AddParameter): Name = "PackageReference"; Value = "LED-0"; VariantName = "[No Variations]"
Add component (AddParameter): Name = "Published"; Value = "8-Jun-2000"; VariantName = "[No Variations]"
Add component (AddParameter): Name = "Publisher"; Value = "Altium Limited"; VariantName = "[No Variations]"
Added Pin To Net: NetName=VCC Pin=D2-1
Added Pin To Net: NetName=NetD2_2 Pin=D2-2
Added Pin To Net: NetName=NetC79_1 Pin=D20-1
Added Pin To Net: NetName=PREVGL Pin=D20-2
Added Pin To Net: NetName=GND Pin=D21-1
Added Pin To Net: NetName=NetC79_1 Pin=D21-2
Added Pin To Net: NetName=PREVGH Pin=D22-1
Added Pin To Net: NetName=NetC79_2 Pin=D22-2
Added Pin To Net: NetName=NetD2_2 Pin=L1-2
Added Pin To Net: NetName=NetD2_2 Pin=Q1-3
Added Pin To Net: NetName=NetD18_2 Pin=R7-1
Added Pin To Net: NetName=NetD19_2 Pin=R8-2
Added Pin To Net: NetName=NetD1_1 Pin=R27-2
Added Pin To Net: NetName=NetD3_1 Pin=R51-2
Added Pin To Net: NetName=NetD16_2 Pin=R55-1
Added Pin To Net: NetName=NetD1_3 Pin=R28-2
Added Net: Name=NetD1_3
Added Pin To Net: NetName=NetD4_1 Pin=R52-2
Added Net: Name=NetD4_1
Added Pin To Net: NetName=NetD16_1 Pin=Q7-3
Added Net: Name=NetD16_1
Added Pin To Net: NetName=NetD18_1 Pin=U15-5
Added Net: Name=NetD18_1
Added Pin To Net: NetName=NetD19_1 Pin=U15-8
Added Net: Name=NetD19_1
