Removed Pin From Net: NetName=VDD_Spectrum Pin=C60-2
Removed Pin From Net: NetName=GND Pin=C61-1
Removed Pin From Net: NetName=VDD_Spectrum Pin=C61-2
Removed Pin From Net: NetName=VDD_Spectrum Pin=D3-2
Removed Pin From Net: NetName=VDD_Spectrum Pin=D4-2
Removed Pin From Net: NetName=VDD_Spectrum Pin=R45-2
Removed Pin From Net: NetName=VDD_Spectrum Pin=R46-2
Removed Pin From Net: NetName=VDD_Spectrum Pin=R47-2
Removed Pin From Net: NetName=VDD_Spectrum Pin=R48-2
Removed Pin From Net: NetName=VDD_Spectrum Pin=R49-2
Removed Pin From Net: NetName=VDD_Spectrum Pin=R50-2
Removed Pin From Net: NetName=GND Pin=R53-1
Removed Pin From Net: NetName=I2C1_SCL Pin=U7-11
Removed Pin From Net: NetName=I2C1_SDA Pin=U7-12
Removed Pin From Net: NetName=VDD_Spectrum Pin=U7-14
Removed Pin From Net: NetName=GND Pin=U7-16
Removed Pin From Net: NetName=VDD_Spectrum Pin=U7-17
Removed Pin From Net: NetName=GND Pin=U13-4
Removed Pin From Net: NetName=VDD_Spectrum Pin=U13-8
Removed Pin From Net: NetName=GND Pin=U17-1
Removed Pin From Net: NetName=VDD_Spectrum Pin=U17-2
Removed Pin From Net: NetName=GND Pin=U17-3
Removed Pin From Net: NetName=GND Pin=U17-4
Removed Pin From Net: NetName=GND Pin=U17-5
Removed Pin From Net: NetName=VDD_Spectrum Pin=U17-6
Removed Pin From Net: NetName=VBAT Pin=U17-7
Removed Pin From Net: NetName=Spectrum_Enable Pin=U17-8
Removed Pin From Net: NetName=GND Pin=U17-9
Change Component Footprint: Designator=U7 Old Footprint=AS7262 New Footprint=OLGA-8
Change Component Footprint: Designator=U13 Old Footprint=SOIC127P600X160-8N New Footprint=SOT-23 (5)
Change Component Comment : Designator=U7 Old Comment=AS7262 New Comment=AS7341
Change Component Comment : Designator=U13 Old Comment=AT25SF041-SSHD-B New Comment=TC1015-1.8VCT713
Change component parameters: Designator = "C60" ("C60"); Footprint = "0402"; UniqueID = "\QQVBRBBG\VAJBFDBC" ("\QQVBRBBG\VAJBFDBC")
Change component parameters (AddParameter): Name = "LatestRevisionDate"; Value = "17-Jul-2002"; VariantName = "[No Variations]"
Change component parameters (AddParameter): Name = "LatestRevisionNote"; Value = "Re-released for DXP Platform."; VariantName = "[No Variations]"
Change component parameters (AddParameter): Name = "PackageDescription"; Value = "Radial Cap, Thru-Hole; 2 Leads; 0.3 in Pin Spacing"; VariantName = "[No Variations]"
Change component parameters (AddParameter): Name = "PackageReference"; Value = "RAD-0.3"; VariantName = "[No Variations]"
Change component parameters (AddParameter): Name = "Published"; Value = "8-Jun-2000"; VariantName = "[No Variations]"
Change component parameters (AddParameter): Name = "Publisher"; Value = "Altium Limited"; VariantName = "[No Variations]"
Change component parameters (AddParameter): Name = "Value"; Value = "470pF"; VariantName = "[No Variations]"
Added Pin To Net: NetName=VDD_Spectrum Pin=U7-1
Added Pin To Net: NetName=I2C1_SCL Pin=U7-2
Added Pin To Net: NetName=GND Pin=U7-3
Added Pin To Net: NetName=GND Pin=U7-5
Added Pin To Net: NetName=I2C1_SDA Pin=U7-8
Added Pin To Net: NetName=VBAT Pin=U13-1
Added Pin To Net: NetName=GND Pin=U13-2
Added Pin To Net: NetName=Spectrum_Enable Pin=U13-3
Added Pin To Net: NetName=VDD_Spectrum Pin=U13-5
Added Pin To Net: NetName=NetC60_2 Pin=C60-2
Added Pin To Net: NetName=NetC60_2 Pin=U13-4
Added Net: Name=NetC60_2
Added Room: Name=Designator
