Replace Part D6 ESD9L5-0ST5G in C:\Users\rasmu\OneDrive\Documents\GitHub\Projects\_Altium\_Projects\_4GLux\_Altium\4GLuxLogger\MCU.SchDoc with ESD9L5-0ST5G from Exeger_schematic_library.SchLib
Replace Part D7 ESD9L5-0ST5G in C:\Users\rasmu\OneDrive\Documents\GitHub\Projects\_Altium\_Projects\_4GLux\_Altium\4GLuxLogger\MCU.SchDoc with ESD9L5-0ST5G from Exeger_schematic_library.SchLib
Replace Part D8 ESD9L5-0ST5G in C:\Users\rasmu\OneDrive\Documents\GitHub\Projects\_Altium\_Projects\_4GLux\_Altium\4GLuxLogger\MCU.SchDoc with ESD9L5-0ST5G from Exeger_schematic_library.SchLib
Replace Part D9 ESD9L5-0ST5G in C:\Users\rasmu\OneDrive\Documents\GitHub\Projects\_Altium\_Projects\_4GLux\_Altium\4GLuxLogger\MCU.SchDoc with ESD9L5-0ST5G from Exeger_schematic_library.SchLib
Replace Part D10 ESD9L5-0ST5G in C:\Users\rasmu\OneDrive\Documents\GitHub\Projects\_Altium\_Projects\_4GLux\_Altium\4GLuxLogger\MCU.SchDoc with ESD9L5-0ST5G from Exeger_schematic_library.SchLib
Replace Part D11 ESD9L5-0ST5G in C:\Users\rasmu\OneDrive\Documents\GitHub\Projects\_Altium\_Projects\_4GLux\_Altium\4GLuxLogger\MCU.SchDoc with ESD9L5-0ST5G from Exeger_schematic_library.SchLib
Replace Part D12 ESD9L5-0ST5G in C:\Users\rasmu\OneDrive\Documents\GitHub\Projects\_Altium\_Projects\_4GLux\_Altium\4GLuxLogger\MCU.SchDoc with ESD9L5-0ST5G from Exeger_schematic_library.SchLib
Replace Part D16 LED_Green_Red in C:\Users\rasmu\OneDrive\Documents\GitHub\Projects\_Altium\_Projects\_4GLux\_Altium\4GLuxLogger\MCU.SchDoc with LED_Green_Red from Schematic_Components.SchLib
Replace Part L3 Inductor_0402 in C:\Users\rasmu\OneDrive\Documents\GitHub\Projects\_Altium\_Projects\_4GLux\_Altium\4GLuxLogger\MCU.SchDoc with Inductor_0402 from Schematic_Components.SchLib
Replace Part LOGO1 LOGO2_1 in C:\Users\rasmu\OneDrive\Documents\GitHub\Projects\_Altium\_Projects\_4GLux\_Altium\4GLuxLogger\MCU.SchDoc with LOGO2_1 from Schematic_Components.SchLib
Replace Part P3 SD Micro Card Holder in C:\Users\rasmu\OneDrive\Documents\GitHub\Projects\_Altium\_Projects\_4GLux\_Altium\4GLuxLogger\MCU.SchDoc with SD Micro Card Holder from Exeger_schematic_library.SchLib
Replace Part P4 Header 6 in C:\Users\rasmu\OneDrive\Documents\GitHub\Projects\_Altium\_Projects\_4GLux\_Altium\4GLuxLogger\MCU.SchDoc with Header 6 from Miscellaneous Connectors.IntLib
Replace Part P5 Header 3 in C:\Users\rasmu\OneDrive\Documents\GitHub\Projects\_Altium\_Projects\_4GLux\_Altium\4GLuxLogger\MCU.SchDoc with Header 3 from Miscellaneous Connectors.IntLib
Replace Part Q2 BSS123 in C:\Users\rasmu\OneDrive\Documents\GitHub\Projects\_Altium\_Projects\_4GLux\_Altium\4GLuxLogger\MCU.SchDoc with BSS123 from Schematic_Components.SchLib
Replace Part Q5 BSS123 in C:\Users\rasmu\OneDrive\Documents\GitHub\Projects\_Altium\_Projects\_4GLux\_Altium\4GLuxLogger\MCU.SchDoc with BSS123 from Schematic_Components.SchLib
Replace Part Q6 BSS123 in C:\Users\rasmu\OneDrive\Documents\GitHub\Projects\_Altium\_Projects\_4GLux\_Altium\4GLuxLogger\MCU.SchDoc with BSS123 from Schematic_Components.SchLib
Replace Part S1 EVQP7C01P in C:\Users\rasmu\OneDrive\Documents\GitHub\Projects\_Altium\_Projects\_4GLux\_Altium\4GLuxLogger\MCU.SchDoc with EVQP7C01P from Exeger_schematic_library.SchLib
Replace Part S2 EVQP7C01P in C:\Users\rasmu\OneDrive\Documents\GitHub\Projects\_Altium\_Projects\_4GLux\_Altium\4GLuxLogger\MCU.SchDoc with EVQP7C01P from Exeger_schematic_library.SchLib
Replace Part U1 STM32L452RET in C:\Users\rasmu\OneDrive\Documents\GitHub\Projects\_Altium\_Projects\_4GLux\_Altium\4GLuxLogger\MCU.SchDoc with STM32L452RET from Schematic_Components.SchLib
Replace Part U1 STM32L452RET in C:\Users\rasmu\OneDrive\Documents\GitHub\Projects\_Altium\_Projects\_4GLux\_Altium\4GLuxLogger\MCU.SchDoc with STM32L452RET from Schematic_Components.SchLib
Replace Part U1 STM32L452RET in C:\Users\rasmu\OneDrive\Documents\GitHub\Projects\_Altium\_Projects\_4GLux\_Altium\4GLuxLogger\MCU.SchDoc with STM32L452RET from Schematic_Components.SchLib
Replace Part X1 Oscillator 32.768KHz in C:\Users\rasmu\OneDrive\Documents\GitHub\Projects\_Altium\_Projects\_4GLux\_Altium\4GLuxLogger\MCU.SchDoc with Oscillator 32.768KHz from Schematic_Components.SchLib
Replace Part X2 Oscillator 8MHz in C:\Users\rasmu\OneDrive\Documents\GitHub\Projects\_Altium\_Projects\_4GLux\_Altium\4GLuxLogger\MCU.SchDoc with Oscillator 8MHz from Schematic_Components.SchLib
