Removed Pin From Net: NetName=GND Pin=C18-1
Removed Pin From Net: NetName=VDD_SENSORS_FAST Pin=C18-2
Removed Pin From Net: NetName=VDD Pin=P1-1
Removed Pin From Net: NetName=GND Pin=P1-2
Removed Pin From Net: NetName=SPI2_SCK Pin=P1-3
Removed Pin From Net: NetName=SPI2_MOSI Pin=P1-4
Removed Pin From Net: NetName=PA15 Pin=P1-5
Removed Pin From Net: NetName=PH3 Pin=P1-6
Removed Pin From Net: NetName=EXT_BAT Pin=P8-1
Removed Pin From Net: NetName=GND Pin=P8-2
Removed Pin From Net: NetName=GND Pin=P8-3
Removed Pin From Net: NetName=GND Pin=P8-4
Removed Pin From Net: NetName=VDD_SENSORS_FAST Pin=R23-1
Removed Pin From Net: NetName=VDD_SENSORS_FAST Pin=R24-2
Removed Pin From Net: NetName=ACTIVATE_IV_MEASn Pin=R25-2
Removed Pin From Net: NetName=V_MEAS Pin=R27-2
Removed Pin From Net: NetName=V_MEAS Pin=R28-1
Removed Pin From Net: NetName=ACTIVATE_IV_MEASn Pin=R28-2
Removed Pin From Net: NetName=VDD_SENSORS_FAST Pin=U6-1
Removed Pin From Net: NetName=GND Pin=U6-4
Removed Pin From Net: NetName=I_MEAS Pin=U6-5
Removed Pin From Net: NetName=SENS_I_+ Pin=U6-7
Removed Pin From Net: NetName=SENS_I_- Pin=U6-8
Removed Pin From Net: NetName=GND Pin=U8-2
Added Room: Name=Sunboost
